;  LST file generated by mikroListExporter - v.2.0 
; Date/Time: 27/05/2021 6:34:45 p. m.
;----------------------------------------------

;Address Opcode 	ASM
0x0000	0x2B81      	GOTO       897
_____DoICP:
;__Lib_System.c,6 :: 		
;__Lib_System.c,9 :: 		
0x0003	0x1283      	BCF        STATUS, 5
0x0004	0x1303      	BCF        STATUS, 6
0x0005	0x0848      	MOVF       ___DoICPAddr+1, 0
0x0006	0x008A      	MOVWF      PCLATH
;__Lib_System.c,10 :: 		
0x0007	0x0847      	MOVF       ___DoICPAddr, 0
0x0008	0x0082      	MOVWF      PCL
;__Lib_System.c,12 :: 		
L_end_____DoICP:
0x0009	0x0008      	RETURN
; end of _____DoICP
_UART1_Read:
;__Lib_UART_c45.c,20 :: 		
;__Lib_UART_c45.c,23 :: 		
0x000A	0x1283      	BCF        STATUS, 5
0x000B	0x1303      	BCF        STATUS, 6
0x000C	0x0814      	MOVF       RCREG, 0
0x000D	0x00F1      	MOVWF      R1
;__Lib_UART_c45.c,24 :: 		
0x000E	0x1C97      	BTFSS      RCSTA, 1
0x000F	0x2812      	GOTO       L_UART1_Read2
;__Lib_UART_c45.c,25 :: 		
0x0010	0x1217      	BCF        RCSTA, 4
;__Lib_UART_c45.c,26 :: 		
0x0011	0x1617      	BSF        RCSTA, 4
;__Lib_UART_c45.c,27 :: 		
L_UART1_Read2:
;__Lib_UART_c45.c,28 :: 		
0x0012	0x0871      	MOVF       R1, 0
0x0013	0x00F0      	MOVWF      R0
;__Lib_UART_c45.c,29 :: 		
L_end_UART1_Read:
0x0014	0x0008      	RETURN
; end of _UART1_Read
_UART1_Data_Ready:
;__Lib_UART_c45.c,15 :: 		
;__Lib_UART_c45.c,16 :: 		
0x0015	0x3000      	MOVLW      0
0x0016	0x1283      	BCF        STATUS, 5
0x0017	0x1303      	BCF        STATUS, 6
0x0018	0x1A8C      	BTFSC      PIR1, 5
0x0019	0x3001      	MOVLW      1
0x001A	0x00F0      	MOVWF      R0
;__Lib_UART_c45.c,17 :: 		
L_end_UART1_Data_Ready:
0x001B	0x0008      	RETURN
; end of _UART1_Data_Ready
_UART1_Write:
;__Lib_UART_c45.c,39 :: 		
;__Lib_UART_c45.c,40 :: 		
L_UART1_Write3:
0x001C	0x1283      	BCF        STATUS, 5
0x001D	0x1303      	BCF        STATUS, 6
0x001E	0x1896      	BTFSC      TXSTA, 1
0x001F	0x2822      	GOTO       L_UART1_Write4
;__Lib_UART_c45.c,41 :: 		
0x0020	0x0000      	NOP
0x0021	0x281C      	GOTO       L_UART1_Write3
L_UART1_Write4:
;__Lib_UART_c45.c,42 :: 		
0x0022	0x1683      	BSF        STATUS, 5
0x0023	0x0821      	MOVF       FARG_UART1_Write_data_, 0
0x0024	0x1283      	BCF        STATUS, 5
0x0025	0x0095      	MOVWF      TXREG
;__Lib_UART_c45.c,43 :: 		
L_end_UART1_Write:
0x0026	0x0008      	RETURN
; end of _UART1_Write
_UART1_Read_Text:
;__Lib_UART_c45.c,58 :: 		
;__Lib_UART_c45.c,59 :: 		
0x0027	0x1283      	BCF        STATUS, 5
0x0028	0x1303      	BCF        STATUS, 6
0x0029	0x01EF      	CLRF       UART1_Read_Text_out_idx_L0
0x002A	0x1683      	BSF        STATUS, 5
0x002B	0x01A0      	CLRF       UART1_Read_Text_delim_idx_L0
;__Lib_UART_c45.c,61 :: 		
L_UART1_Read_Text7:
0x002C	0x1283      	BCF        STATUS, 5
0x002D	0x086D      	MOVF       FARG_UART1_Read_Text_Attempts, 0
0x002E	0x1903      	BTFSC      STATUS, 2
0x002F	0x2872      	GOTO       L_UART1_Read_Text8
;__Lib_UART_c45.c,63 :: 		
0x0030	0x086D      	MOVF       FARG_UART1_Read_Text_Attempts, 0
0x0031	0x3AFF      	XORLW      255
0x0032	0x1903      	BTFSC      STATUS, 2
0x0033	0x2835      	GOTO       L_UART1_Read_Text9
;__Lib_UART_c45.c,64 :: 		
0x0034	0x03ED      	DECF       FARG_UART1_Read_Text_Attempts, 1
L_UART1_Read_Text9:
;__Lib_UART_c45.c,66 :: 		
L_UART1_Read_Text10:
0x0035	0x2015      	CALL       _UART1_Data_Ready
0x0036	0x0870      	MOVF       R0, 0
0x0037	0x3A00      	XORLW      0
0x0038	0x1D03      	BTFSS      STATUS, 2
0x0039	0x283B      	GOTO       L_UART1_Read_Text11
;__Lib_UART_c45.c,67 :: 		
0x003A	0x2835      	GOTO       L_UART1_Read_Text10
L_UART1_Read_Text11:
;__Lib_UART_c45.c,69 :: 		
0x003B	0x200A      	CALL       _UART1_Read
0x003C	0x0870      	MOVF       R0, 0
0x003D	0x00EE      	MOVWF      UART1_Read_Text_r_data_L0
;__Lib_UART_c45.c,70 :: 		
0x003E	0x086F      	MOVF       UART1_Read_Text_out_idx_L0, 0
0x003F	0x076B      	ADDWF      FARG_UART1_Read_Text_Output, 0
0x0040	0x0084      	MOVWF      FSR
0x0041	0x0870      	MOVF       R0, 0
0x0042	0x0080      	MOVWF      INDF
0x0043	0x0AEF      	INCF       UART1_Read_Text_out_idx_L0, 1
;__Lib_UART_c45.c,71 :: 		
0x0044	0x1683      	BSF        STATUS, 5
0x0045	0x0820      	MOVF       UART1_Read_Text_delim_idx_L0, 0
0x0046	0x1283      	BCF        STATUS, 5
0x0047	0x076C      	ADDWF      FARG_UART1_Read_Text_Delimiter, 0
0x0048	0x0084      	MOVWF      FSR
0x0049	0x0800      	MOVF       INDF, 0
0x004A	0x066E      	XORWF      UART1_Read_Text_r_data_L0, 0
0x004B	0x1D03      	BTFSS      STATUS, 2
0x004C	0x2850      	GOTO       L_UART1_Read_Text12
;__Lib_UART_c45.c,72 :: 		
0x004D	0x1683      	BSF        STATUS, 5
0x004E	0x0AA0      	INCF       UART1_Read_Text_delim_idx_L0, 1
;__Lib_UART_c45.c,73 :: 		
0x004F	0x285B      	GOTO       L_UART1_Read_Text13
L_UART1_Read_Text12:
0x0050	0x1683      	BSF        STATUS, 5
;__Lib_UART_c45.c,75 :: 		
0x0051	0x01A0      	CLRF       UART1_Read_Text_delim_idx_L0
;__Lib_UART_c45.c,76 :: 		
0x0052	0x1283      	BCF        STATUS, 5
0x0053	0x086C      	MOVF       FARG_UART1_Read_Text_Delimiter, 0
0x0054	0x0084      	MOVWF      FSR
0x0055	0x0800      	MOVF       INDF, 0
0x0056	0x066E      	XORWF      UART1_Read_Text_r_data_L0, 0
0x0057	0x1D03      	BTFSS      STATUS, 2
0x0058	0x285B      	GOTO       L_UART1_Read_Text14
;__Lib_UART_c45.c,77 :: 		
0x0059	0x1683      	BSF        STATUS, 5
0x005A	0x0AA0      	INCF       UART1_Read_Text_delim_idx_L0, 1
;__Lib_UART_c45.c,78 :: 		
L_UART1_Read_Text14:
;__Lib_UART_c45.c,79 :: 		
L_UART1_Read_Text13:
0x005B	0x1683      	BSF        STATUS, 5
;__Lib_UART_c45.c,81 :: 		
0x005C	0x0820      	MOVF       UART1_Read_Text_delim_idx_L0, 0
0x005D	0x1283      	BCF        STATUS, 5
0x005E	0x076C      	ADDWF      FARG_UART1_Read_Text_Delimiter, 0
0x005F	0x0084      	MOVWF      FSR
0x0060	0x0800      	MOVF       INDF, 0
0x0061	0x3A00      	XORLW      0
0x0062	0x1D03      	BTFSS      STATUS, 2
0x0063	0x2871      	GOTO       L_UART1_Read_Text15
;__Lib_UART_c45.c,82 :: 		
0x0064	0x1683      	BSF        STATUS, 5
0x0065	0x0820      	MOVF       UART1_Read_Text_delim_idx_L0, 0
0x0066	0x1283      	BCF        STATUS, 5
0x0067	0x026F      	SUBWF      UART1_Read_Text_out_idx_L0, 0
0x0068	0x00F0      	MOVWF      R0
0x0069	0x01F1      	CLRF       R0+1
0x006A	0x1C03      	BTFSS      STATUS, 0
0x006B	0x03F1      	DECF       R0+1, 1
0x006C	0x0870      	MOVF       R0, 0
0x006D	0x076B      	ADDWF      FARG_UART1_Read_Text_Output, 0
0x006E	0x0084      	MOVWF      FSR
0x006F	0x0180      	CLRF       INDF
;__Lib_UART_c45.c,83 :: 		
0x0070	0x2875      	GOTO       L_end_UART1_Read_Text
;__Lib_UART_c45.c,84 :: 		
L_UART1_Read_Text15:
;__Lib_UART_c45.c,86 :: 		
0x0071	0x282C      	GOTO       L_UART1_Read_Text7
L_UART1_Read_Text8:
;__Lib_UART_c45.c,87 :: 		
0x0072	0x086B      	MOVF       FARG_UART1_Read_Text_Output, 0
0x0073	0x0084      	MOVWF      FSR
0x0074	0x0180      	CLRF       INDF
;__Lib_UART_c45.c,88 :: 		
L_end_UART1_Read_Text:
0x0075	0x0008      	RETURN
; end of _UART1_Read_Text
_read_EEPROM:
;Cofre_Bluetooth.c,274 :: 		unsigned char read_EEPROM(unsigned char addrH,unsigned char addrL)
;Cofre_Bluetooth.c,276 :: 		EECON1.EEPGD=0;
0x0076	0x1683      	BSF        STATUS, 5
0x0077	0x1303      	BCF        STATUS, 6
0x0078	0x139C      	BCF        EECON1, 7
;Cofre_Bluetooth.c,277 :: 		EEDAT=0x00; //Para limpiar la memoria
0x0079	0x019A      	CLRF       EEDAT
;Cofre_Bluetooth.c,278 :: 		EEADR=addrL;
0x007A	0x1283      	BCF        STATUS, 5
0x007B	0x086C      	MOVF       FARG_read_EEPROM_addrL, 0
0x007C	0x1683      	BSF        STATUS, 5
0x007D	0x009B      	MOVWF      EEADR
;Cofre_Bluetooth.c,279 :: 		EEADRH=addrH;
0x007E	0x1283      	BCF        STATUS, 5
0x007F	0x086B      	MOVF       FARG_read_EEPROM_addrH, 0
0x0080	0x1683      	BSF        STATUS, 5
0x0081	0x0098      	MOVWF      EEADRH
;Cofre_Bluetooth.c,280 :: 		EECON1.RD=1;
0x0082	0x141C      	BSF        EECON1, 0
;Cofre_Bluetooth.c,282 :: 		nop
0x0083	0x0000      	NOP
;Cofre_Bluetooth.c,283 :: 		nop
0x0084	0x0000      	NOP
;Cofre_Bluetooth.c,286 :: 		return EEDATA;
0x0085	0x081A      	MOVF       EEDATA, 0
0x0086	0x00F0      	MOVWF      R0
;Cofre_Bluetooth.c,287 :: 		}
L_end_read_EEPROM:
0x0087	0x0008      	RETURN
; end of _read_EEPROM
_strlen:
;__Lib_CString.c,136 :: 		
;__Lib_CString.c,139 :: 		
0x0088	0x1283      	BCF        STATUS, 5
0x0089	0x1303      	BCF        STATUS, 6
0x008A	0x086B      	MOVF       FARG_strlen_s, 0
0x008B	0x00F2      	MOVWF      R2
;__Lib_CString.c,140 :: 		
L_strlen36:
0x008C	0x0872      	MOVF       R2, 0
0x008D	0x00F0      	MOVWF      R0
0x008E	0x0AF2      	INCF       R2, 1
0x008F	0x0870      	MOVF       R0, 0
0x0090	0x0084      	MOVWF      FSR
0x0091	0x0800      	MOVF       INDF, 0
0x0092	0x1903      	BTFSC      STATUS, 2
0x0093	0x2895      	GOTO       L_strlen37
;__Lib_CString.c,141 :: 		
0x0094	0x288C      	GOTO       L_strlen36
L_strlen37:
;__Lib_CString.c,142 :: 		
0x0095	0x086B      	MOVF       FARG_strlen_s, 0
0x0096	0x0272      	SUBWF      R2, 0
0x0097	0x00F0      	MOVWF      R0
0x0098	0x3001      	MOVLW      1
0x0099	0x02F0      	SUBWF      R0, 1
0x009A	0x01F1      	CLRF       R0+1
0x009B	0x1C03      	BTFSS      STATUS, 0
0x009C	0x03F1      	DECF       R0+1, 1
;__Lib_CString.c,143 :: 		
L_end_strlen:
0x009D	0x0008      	RETURN
; end of _strlen
_UART1_Write_Text:
;__Lib_UART_c45.c,46 :: 		
;__Lib_UART_c45.c,47 :: 		
0x009E	0x1283      	BCF        STATUS, 5
0x009F	0x1303      	BCF        STATUS, 6
0x00A0	0x01ED      	CLRF       UART1_Write_Text_counter_L0
;__Lib_UART_c45.c,49 :: 		
0x00A1	0x086B      	MOVF       FARG_UART1_Write_Text_uart_text, 0
0x00A2	0x0084      	MOVWF      FSR
0x00A3	0x0800      	MOVF       INDF, 0
0x00A4	0x00EC      	MOVWF      UART1_Write_Text_data__L0
;__Lib_UART_c45.c,50 :: 		
L_UART1_Write_Text5:
0x00A5	0x086C      	MOVF       UART1_Write_Text_data__L0, 0
0x00A6	0x3A00      	XORLW      0
0x00A7	0x1903      	BTFSC      STATUS, 2
0x00A8	0x28B4      	GOTO       L_UART1_Write_Text6
;__Lib_UART_c45.c,51 :: 		
0x00A9	0x086C      	MOVF       UART1_Write_Text_data__L0, 0
0x00AA	0x1683      	BSF        STATUS, 5
0x00AB	0x00A1      	MOVWF      FARG_UART1_Write_data_
0x00AC	0x201C      	CALL       _UART1_Write
;__Lib_UART_c45.c,52 :: 		
0x00AD	0x0AED      	INCF       UART1_Write_Text_counter_L0, 1
;__Lib_UART_c45.c,53 :: 		
0x00AE	0x086D      	MOVF       UART1_Write_Text_counter_L0, 0
0x00AF	0x076B      	ADDWF      FARG_UART1_Write_Text_uart_text, 0
0x00B0	0x0084      	MOVWF      FSR
0x00B1	0x0800      	MOVF       INDF, 0
0x00B2	0x00EC      	MOVWF      UART1_Write_Text_data__L0
;__Lib_UART_c45.c,54 :: 		
0x00B3	0x28A5      	GOTO       L_UART1_Write_Text5
L_UART1_Write_Text6:
;__Lib_UART_c45.c,55 :: 		
L_end_UART1_Write_Text:
0x00B4	0x0008      	RETURN
; end of _UART1_Write_Text
_write_EEPROM:
;Cofre_Bluetooth.c,240 :: 		void write_EEPROM(unsigned char datoH,unsigned char datoL,unsigned char addrH,unsigned char addrL)
;Cofre_Bluetooth.c,242 :: 		EECON1.EEPGD=0;
0x00B5	0x1683      	BSF        STATUS, 5
0x00B6	0x1303      	BCF        STATUS, 6
0x00B7	0x139C      	BCF        EECON1, 7
;Cofre_Bluetooth.c,243 :: 		EECON1. WREN=1;
0x00B8	0x151C      	BSF        EECON1, 2
;Cofre_Bluetooth.c,244 :: 		EEDATA=datoL;
0x00B9	0x1283      	BCF        STATUS, 5
0x00BA	0x086C      	MOVF       FARG_write_EEPROM_datoL, 0
0x00BB	0x1683      	BSF        STATUS, 5
0x00BC	0x009A      	MOVWF      EEDATA
;Cofre_Bluetooth.c,245 :: 		EEDATH= datoH;
0x00BD	0x1283      	BCF        STATUS, 5
0x00BE	0x086B      	MOVF       FARG_write_EEPROM_datoH, 0
0x00BF	0x1683      	BSF        STATUS, 5
0x00C0	0x0097      	MOVWF      EEDATH
;Cofre_Bluetooth.c,246 :: 		EEADR=addrL;
0x00C1	0x1283      	BCF        STATUS, 5
0x00C2	0x086E      	MOVF       FARG_write_EEPROM_addrL, 0
0x00C3	0x1683      	BSF        STATUS, 5
0x00C4	0x009B      	MOVWF      EEADR
;Cofre_Bluetooth.c,247 :: 		EEADRH=addrH;
0x00C5	0x1283      	BCF        STATUS, 5
0x00C6	0x086D      	MOVF       FARG_write_EEPROM_addrH, 0
0x00C7	0x1683      	BSF        STATUS, 5
0x00C8	0x0098      	MOVWF      EEADRH
;Cofre_Bluetooth.c,248 :: 		INTCON.GIE = 0; //Deshabilitar todas las interrupciones para que el codigo no se interrumpa cuando esté escribiendo en la memoria y así evitar un error
0x00C9	0x138B      	BCF        INTCON, 7
;Cofre_Bluetooth.c,249 :: 		EECON2=0x55;  //OBLIGATORIO POR FABRICANTE
0x00CA	0x3055      	MOVLW      85
0x00CB	0x009D      	MOVWF      EECON2
;Cofre_Bluetooth.c,250 :: 		EECON2=0xAA;  //OBLIGATORIO POR FABRICANTE
0x00CC	0x30AA      	MOVLW      170
0x00CD	0x009D      	MOVWF      EECON2
;Cofre_Bluetooth.c,251 :: 		EECON1.WR=1;
0x00CE	0x149C      	BSF        EECON1, 1
;Cofre_Bluetooth.c,253 :: 		nop
0x00CF	0x0000      	NOP
;Cofre_Bluetooth.c,254 :: 		nop
0x00D0	0x0000      	NOP
;Cofre_Bluetooth.c,256 :: 		INTCON.GIE=1;
0x00D1	0x178B      	BSF        INTCON, 7
;Cofre_Bluetooth.c,258 :: 		}
L_end_write_EEPROM:
0x00D2	0x0008      	RETURN
; end of _write_EEPROM
_UART2_Write_Text:
;Cofre_Bluetooth.c,260 :: 		void UART2_Write_Text(const unsigned char text[50]){
;Cofre_Bluetooth.c,262 :: 		unsigned char i = 0, tam = 0;
0x00D3	0x1283      	BCF        STATUS, 5
0x00D4	0x1303      	BCF        STATUS, 6
0x00D5	0x01ED      	CLRF       UART2_Write_Text_i_L0
0x00D6	0x01EE      	CLRF       UART2_Write_Text_tam_L0
;Cofre_Bluetooth.c,264 :: 		while(text[tam]!= '\0') tam++;
L_UART2_Write_Text77:
0x00D7	0x086E      	MOVF       UART2_Write_Text_tam_L0, 0
0x00D8	0x076B      	ADDWF      FARG_UART2_Write_Text_text, 0
0x00D9	0x00F0      	MOVWF      R0
0x00DA	0x086C      	MOVF       FARG_UART2_Write_Text_text+1, 0
0x00DB	0x1803      	BTFSC      STATUS, 0
0x00DC	0x3E01      	ADDLW      1
0x00DD	0x00F1      	MOVWF      R0+1
0x00DE	0x0870      	MOVF       R0, 0
0x00DF	0x00C7      	MOVWF      ___DoICPAddr
0x00E0	0x0871      	MOVF       R0+1, 0
0x00E1	0x00C8      	MOVWF      ___DoICPAddr+1
0x00E2	0x2003      	CALL       _____DoICP
0x00E3	0x118A      	BCF        PCLATH, 3
0x00E4	0x120A      	BCF        PCLATH, 4
0x00E5	0x00F1      	MOVWF      R1
0x00E6	0x0871      	MOVF       R1, 0
0x00E7	0x3A00      	XORLW      0
0x00E8	0x1903      	BTFSC      STATUS, 2
0x00E9	0x28EC      	GOTO       L_UART2_Write_Text78
0x00EA	0x0AEE      	INCF       UART2_Write_Text_tam_L0, 1
0x00EB	0x28D7      	GOTO       L_UART2_Write_Text77
L_UART2_Write_Text78:
;Cofre_Bluetooth.c,266 :: 		for (i=0; i<tam; i++){
0x00EC	0x01ED      	CLRF       UART2_Write_Text_i_L0
L_UART2_Write_Text79:
0x00ED	0x086E      	MOVF       UART2_Write_Text_tam_L0, 0
0x00EE	0x026D      	SUBWF      UART2_Write_Text_i_L0, 0
0x00EF	0x1803      	BTFSC      STATUS, 0
0x00F0	0x2904      	GOTO       L_UART2_Write_Text80
;Cofre_Bluetooth.c,267 :: 		UART1_Write(text[i]);
0x00F1	0x086D      	MOVF       UART2_Write_Text_i_L0, 0
0x00F2	0x076B      	ADDWF      FARG_UART2_Write_Text_text, 0
0x00F3	0x00F0      	MOVWF      R0
0x00F4	0x086C      	MOVF       FARG_UART2_Write_Text_text+1, 0
0x00F5	0x1803      	BTFSC      STATUS, 0
0x00F6	0x3E01      	ADDLW      1
0x00F7	0x00F1      	MOVWF      R0+1
0x00F8	0x0870      	MOVF       R0, 0
0x00F9	0x00C7      	MOVWF      ___DoICPAddr
0x00FA	0x0871      	MOVF       R0+1, 0
0x00FB	0x00C8      	MOVWF      ___DoICPAddr+1
0x00FC	0x2003      	CALL       _____DoICP
0x00FD	0x118A      	BCF        PCLATH, 3
0x00FE	0x120A      	BCF        PCLATH, 4
0x00FF	0x1683      	BSF        STATUS, 5
0x0100	0x00A1      	MOVWF      FARG_UART1_Write_data_
0x0101	0x201C      	CALL       _UART1_Write
;Cofre_Bluetooth.c,266 :: 		for (i=0; i<tam; i++){
0x0102	0x0AED      	INCF       UART2_Write_Text_i_L0, 1
;Cofre_Bluetooth.c,268 :: 		}
0x0103	0x28ED      	GOTO       L_UART2_Write_Text79
L_UART2_Write_Text80:
;Cofre_Bluetooth.c,272 :: 		}
L_end_UART2_Write_Text:
0x0104	0x0008      	RETURN
; end of _UART2_Write_Text
_strncmp:
;__Lib_CString.c,219 :: 		
;__Lib_CString.c,221 :: 		
L_strncmp58:
0x0105	0x1283      	BCF        STATUS, 5
0x0106	0x1303      	BCF        STATUS, 6
0x0107	0x086D      	MOVF       FARG_strncmp_len, 0
0x0108	0x00F0      	MOVWF      R0
0x0109	0x03ED      	DECF       FARG_strncmp_len, 1
0x010A	0x0870      	MOVF       R0, 0
0x010B	0x1903      	BTFSC      STATUS, 2
0x010C	0x292D      	GOTO       L_strncmp59
;__Lib_CString.c,222 :: 		
0x010D	0x086B      	MOVF       FARG_strncmp_s1, 0
0x010E	0x0084      	MOVWF      FSR
0x010F	0x0800      	MOVF       INDF, 0
0x0110	0x3A00      	XORLW      0
0x0111	0x1903      	BTFSC      STATUS, 2
0x0112	0x291E      	GOTO       L__strncmp116
0x0113	0x086C      	MOVF       FARG_strncmp_s2, 0
0x0114	0x0084      	MOVWF      FSR
0x0115	0x0800      	MOVF       INDF, 0
0x0116	0x00F1      	MOVWF      R1
0x0117	0x086B      	MOVF       FARG_strncmp_s1, 0
0x0118	0x0084      	MOVWF      FSR
0x0119	0x0800      	MOVF       INDF, 0
0x011A	0x0671      	XORWF      R1, 0
0x011B	0x1D03      	BTFSS      STATUS, 2
0x011C	0x291E      	GOTO       L__strncmp116
0x011D	0x292A      	GOTO       L_strncmp62
L__strncmp116:
;__Lib_CString.c,223 :: 		
0x011E	0x086B      	MOVF       FARG_strncmp_s1, 0
0x011F	0x0084      	MOVWF      FSR
0x0120	0x0800      	MOVF       INDF, 0
0x0121	0x00F0      	MOVWF      R0
0x0122	0x086C      	MOVF       FARG_strncmp_s2, 0
0x0123	0x0084      	MOVWF      FSR
0x0124	0x0800      	MOVF       INDF, 0
0x0125	0x02F0      	SUBWF      R0, 1
0x0126	0x01F1      	CLRF       R0+1
0x0127	0x1C03      	BTFSS      STATUS, 0
0x0128	0x03F1      	DECF       R0+1, 1
0x0129	0x292F      	GOTO       L_end_strncmp
L_strncmp62:
;__Lib_CString.c,224 :: 		
0x012A	0x0AEB      	INCF       FARG_strncmp_s1, 1
;__Lib_CString.c,225 :: 		
0x012B	0x0AEC      	INCF       FARG_strncmp_s2, 1
;__Lib_CString.c,226 :: 		
0x012C	0x2905      	GOTO       L_strncmp58
L_strncmp59:
;__Lib_CString.c,227 :: 		
0x012D	0x01F0      	CLRF       R0
0x012E	0x01F1      	CLRF       R0+1
;__Lib_CString.c,228 :: 		
L_end_strncmp:
0x012F	0x0008      	RETURN
; end of _strncmp
_chekDinero:
;Cofre_Bluetooth.c,153 :: 		void chekDinero(){
;Cofre_Bluetooth.c,154 :: 		unsigned char i = 0, j = 0,dato=0;
0x0130	0x1283      	BCF        STATUS, 5
0x0131	0x1303      	BCF        STATUS, 6
0x0132	0x01D3      	CLRF       chekDinero_i_L0
0x0133	0x01D4      	CLRF       chekDinero_j_L0
0x0134	0x01D5      	CLRF       chekDinero_dato_L0
0x0135	0x01D6      	CLRF       chekDinero_dinero_L0
0x0136	0x01D7      	CLRF       chekDinero_dinero_L0+1
0x0137	0x01D8      	CLRF       chekDinero_dinero_L0+2
0x0138	0x01D9      	CLRF       chekDinero_dinero_L0+3
0x0139	0x01DA      	CLRF       chekDinero_dinero_L0+4
0x013A	0x01DB      	CLRF       chekDinero_dinero_L0+5
0x013B	0x01DC      	CLRF       chekDinero_dinero_L0+6
0x013C	0x01DD      	CLRF       chekDinero_dinero_L0+7
0x013D	0x01DE      	CLRF       chekDinero_dinero_L0+8
0x013E	0x01DF      	CLRF       chekDinero_dinero_L0+9
0x013F	0x01E0      	CLRF       chekDinero_enterUser_L0
0x0140	0x01E1      	CLRF       chekDinero_enterUser_L0+1
0x0141	0x01E2      	CLRF       chekDinero_enterUser_L0+2
0x0142	0x01E3      	CLRF       chekDinero_enterUser_L0+3
0x0143	0x01E4      	CLRF       chekDinero_enterUser_L0+4
0x0144	0x01E5      	CLRF       chekDinero_enterUser_L0+5
0x0145	0x01E6      	CLRF       chekDinero_enterUser_L0+6
0x0146	0x01E7      	CLRF       chekDinero_enterUser_L0+7
0x0147	0x01E8      	CLRF       chekDinero_enterUser_L0+8
0x0148	0x01E9      	CLRF       chekDinero_enterUser_L0+9
;Cofre_Bluetooth.c,158 :: 		UART2_Write_Text("Dinero actual: $");
0x0149	0x309A      	MOVLW      ?lstr_16_Cofre_Bluetooth
0x014A	0x00EB      	MOVWF      FARG_UART2_Write_Text_text
0x014B	0x3005      	MOVLW      hi_addr(?lstr_16_Cofre_Bluetooth)
0x014C	0x00EC      	MOVWF      FARG_UART2_Write_Text_text+1
0x014D	0x20D3      	CALL       _UART2_Write_Text
;Cofre_Bluetooth.c,160 :: 		while( read_EEPROM(0x00,ubicacionDineroEEPROM+i) != 0xFF  ){
L_chekDinero46:
0x014E	0x01EB      	CLRF       FARG_read_EEPROM_addrH
0x014F	0x0853      	MOVF       chekDinero_i_L0, 0
0x0150	0x3E18      	ADDLW      24
0x0151	0x00EC      	MOVWF      FARG_read_EEPROM_addrL
0x0152	0x2076      	CALL       _read_EEPROM
0x0153	0x0870      	MOVF       R0, 0
0x0154	0x3AFF      	XORLW      255
0x0155	0x1903      	BTFSC      STATUS, 2
0x0156	0x2971      	GOTO       L_chekDinero47
;Cofre_Bluetooth.c,161 :: 		dinero[i] =  read_EEPROM(0x00,ubicacionDineroEEPROM+i);
0x0157	0x1283      	BCF        STATUS, 5
0x0158	0x0853      	MOVF       chekDinero_i_L0, 0
0x0159	0x3E56      	ADDLW      chekDinero_dinero_L0
0x015A	0x00EA      	MOVWF      FLOC__chekDinero
0x015B	0x01EB      	CLRF       FARG_read_EEPROM_addrH
0x015C	0x0853      	MOVF       chekDinero_i_L0, 0
0x015D	0x3E18      	ADDLW      24
0x015E	0x00EC      	MOVWF      FARG_read_EEPROM_addrL
0x015F	0x2076      	CALL       _read_EEPROM
0x0160	0x1283      	BCF        STATUS, 5
0x0161	0x086A      	MOVF       FLOC__chekDinero, 0
0x0162	0x0084      	MOVWF      FSR
0x0163	0x0870      	MOVF       R0, 0
0x0164	0x0080      	MOVWF      INDF
;Cofre_Bluetooth.c,162 :: 		delay_ms(10);
0x0165	0x300D      	MOVLW      13
0x0166	0x00FC      	MOVWF      R12
0x0167	0x30FB      	MOVLW      251
0x0168	0x00FD      	MOVWF      R13
L_chekDinero48:
0x0169	0x0BFD      	DECFSZ     R13, 1
0x016A	0x2969      	GOTO       L_chekDinero48
0x016B	0x0BFC      	DECFSZ     R12, 1
0x016C	0x2969      	GOTO       L_chekDinero48
0x016D	0x0000      	NOP
0x016E	0x0000      	NOP
;Cofre_Bluetooth.c,163 :: 		i++;
0x016F	0x0AD3      	INCF       chekDinero_i_L0, 1
;Cofre_Bluetooth.c,164 :: 		}
0x0170	0x294E      	GOTO       L_chekDinero46
L_chekDinero47:
0x0171	0x1283      	BCF        STATUS, 5
;Cofre_Bluetooth.c,165 :: 		dinero[i] = '\0';
0x0172	0x0853      	MOVF       chekDinero_i_L0, 0
0x0173	0x3E56      	ADDLW      chekDinero_dinero_L0
0x0174	0x0084      	MOVWF      FSR
0x0175	0x0180      	CLRF       INDF
;Cofre_Bluetooth.c,166 :: 		UART1_Write_Text(dinero);
0x0176	0x3056      	MOVLW      chekDinero_dinero_L0
0x0177	0x00EB      	MOVWF      FARG_UART1_Write_Text_uart_text
0x0178	0x209E      	CALL       _UART1_Write_Text
;Cofre_Bluetooth.c,167 :: 		UART1_Write('\r');
0x0179	0x300D      	MOVLW      13
0x017A	0x1683      	BSF        STATUS, 5
0x017B	0x00A1      	MOVWF      FARG_UART1_Write_data_
0x017C	0x201C      	CALL       _UART1_Write
;Cofre_Bluetooth.c,169 :: 		UART2_Write_Text("Desea modificar monto?\r\n");
0x017D	0x3010      	MOVLW      ?lstr_17_Cofre_Bluetooth
0x017E	0x00EB      	MOVWF      FARG_UART2_Write_Text_text
0x017F	0x3005      	MOVLW      hi_addr(?lstr_17_Cofre_Bluetooth)
0x0180	0x00EC      	MOVWF      FARG_UART2_Write_Text_text+1
0x0181	0x20D3      	CALL       _UART2_Write_Text
;Cofre_Bluetooth.c,170 :: 		i=0;
0x0182	0x01D3      	CLRF       chekDinero_i_L0
;Cofre_Bluetooth.c,171 :: 		while(dato != '\r' && STATE == 1){
L_chekDinero49:
0x0183	0x0855      	MOVF       chekDinero_dato_L0, 0
0x0184	0x3A0D      	XORLW      13
0x0185	0x1903      	BTFSC      STATUS, 2
0x0186	0x299B      	GOTO       L_chekDinero50
0x0187	0x1C85      	BTFSS      PORTA, 1
0x0188	0x299B      	GOTO       L_chekDinero50
L__chekDinero86:
;Cofre_Bluetooth.c,173 :: 		if( UART1_Data_Ready() ){
0x0189	0x2015      	CALL       _UART1_Data_Ready
0x018A	0x0870      	MOVF       R0, 0
0x018B	0x1903      	BTFSC      STATUS, 2
0x018C	0x299A      	GOTO       L_chekDinero53
;Cofre_Bluetooth.c,174 :: 		dato = UART1_Read();
0x018D	0x200A      	CALL       _UART1_Read
0x018E	0x0870      	MOVF       R0, 0
0x018F	0x00D5      	MOVWF      chekDinero_dato_L0
;Cofre_Bluetooth.c,175 :: 		if(dato != '\r'){
0x0190	0x0870      	MOVF       R0, 0
0x0191	0x3A0D      	XORLW      13
0x0192	0x1903      	BTFSC      STATUS, 2
0x0193	0x299A      	GOTO       L_chekDinero54
;Cofre_Bluetooth.c,176 :: 		enterUser[i] = dato;
0x0194	0x0853      	MOVF       chekDinero_i_L0, 0
0x0195	0x3E60      	ADDLW      chekDinero_enterUser_L0
0x0196	0x0084      	MOVWF      FSR
0x0197	0x0855      	MOVF       chekDinero_dato_L0, 0
0x0198	0x0080      	MOVWF      INDF
;Cofre_Bluetooth.c,177 :: 		i++;
0x0199	0x0AD3      	INCF       chekDinero_i_L0, 1
;Cofre_Bluetooth.c,178 :: 		}
L_chekDinero54:
;Cofre_Bluetooth.c,179 :: 		}
L_chekDinero53:
;Cofre_Bluetooth.c,181 :: 		}
0x019A	0x2983      	GOTO       L_chekDinero49
L_chekDinero50:
;Cofre_Bluetooth.c,182 :: 		delay_ms(100);
0x019B	0x3082      	MOVLW      130
0x019C	0x00FC      	MOVWF      R12
0x019D	0x30DD      	MOVLW      221
0x019E	0x00FD      	MOVWF      R13
L_chekDinero55:
0x019F	0x0BFD      	DECFSZ     R13, 1
0x01A0	0x299F      	GOTO       L_chekDinero55
0x01A1	0x0BFC      	DECFSZ     R12, 1
0x01A2	0x299F      	GOTO       L_chekDinero55
0x01A3	0x0000      	NOP
0x01A4	0x0000      	NOP
;Cofre_Bluetooth.c,184 :: 		if ( !strncmp("si",enterUser,3) ){
0x01A5	0x3044      	MOVLW      ?lstr18_Cofre_Bluetooth
0x01A6	0x00EB      	MOVWF      FARG_strncmp_s1
0x01A7	0x3060      	MOVLW      chekDinero_enterUser_L0
0x01A8	0x00EC      	MOVWF      FARG_strncmp_s2
0x01A9	0x3003      	MOVLW      3
0x01AA	0x00ED      	MOVWF      FARG_strncmp_len
0x01AB	0x2105      	CALL       _strncmp
0x01AC	0x0870      	MOVF       R0, 0
0x01AD	0x0471      	IORWF      R0+1, 0
0x01AE	0x1D03      	BTFSS      STATUS, 2
0x01AF	0x2A11      	GOTO       L_chekDinero56
;Cofre_Bluetooth.c,186 :: 		UART2_Write_Text("Ingrese nuevo monto:\r\n");
0x01B0	0x3058      	MOVLW      ?lstr_19_Cofre_Bluetooth
0x01B1	0x00EB      	MOVWF      FARG_UART2_Write_Text_text
0x01B2	0x3005      	MOVLW      hi_addr(?lstr_19_Cofre_Bluetooth)
0x01B3	0x00EC      	MOVWF      FARG_UART2_Write_Text_text+1
0x01B4	0x20D3      	CALL       _UART2_Write_Text
;Cofre_Bluetooth.c,187 :: 		UART1_Read_Text(enterUser,"\r",14);
0x01B5	0x3060      	MOVLW      chekDinero_enterUser_L0
0x01B6	0x00EB      	MOVWF      FARG_UART1_Read_Text_Output
0x01B7	0x3020      	MOVLW      ?lstr20_Cofre_Bluetooth
0x01B8	0x00EC      	MOVWF      FARG_UART1_Read_Text_Delimiter
0x01B9	0x300E      	MOVLW      14
0x01BA	0x00ED      	MOVWF      FARG_UART1_Read_Text_Attempts
0x01BB	0x2027      	CALL       _UART1_Read_Text
;Cofre_Bluetooth.c,188 :: 		for ( i=0; i<strlen(enterUser); i++ ){
0x01BC	0x01D3      	CLRF       chekDinero_i_L0
L_chekDinero57:
0x01BD	0x3060      	MOVLW      chekDinero_enterUser_L0
0x01BE	0x00EB      	MOVWF      FARG_strlen_s
0x01BF	0x2088      	CALL       _strlen
0x01C0	0x3080      	MOVLW      128
0x01C1	0x00F2      	MOVWF      R2
0x01C2	0x3080      	MOVLW      128
0x01C3	0x0671      	XORWF      R0+1, 0
0x01C4	0x0272      	SUBWF      R2, 0
0x01C5	0x1D03      	BTFSS      STATUS, 2
0x01C6	0x29C9      	GOTO       L__chekDinero91
0x01C7	0x0870      	MOVF       R0, 0
0x01C8	0x0253      	SUBWF      chekDinero_i_L0, 0
L__chekDinero91:
0x01C9	0x1803      	BTFSC      STATUS, 0
0x01CA	0x29E3      	GOTO       L_chekDinero58
;Cofre_Bluetooth.c,189 :: 		write_EEPROM(0x00,enterUser[i],0x00,ubicacionDineroEEPROM+i);
0x01CB	0x01EB      	CLRF       FARG_write_EEPROM_datoH
0x01CC	0x0853      	MOVF       chekDinero_i_L0, 0
0x01CD	0x3E60      	ADDLW      chekDinero_enterUser_L0
0x01CE	0x0084      	MOVWF      FSR
0x01CF	0x0800      	MOVF       INDF, 0
0x01D0	0x00EC      	MOVWF      FARG_write_EEPROM_datoL
0x01D1	0x01ED      	CLRF       FARG_write_EEPROM_addrH
0x01D2	0x0853      	MOVF       chekDinero_i_L0, 0
0x01D3	0x3E18      	ADDLW      24
0x01D4	0x00EE      	MOVWF      FARG_write_EEPROM_addrL
0x01D5	0x20B5      	CALL       _write_EEPROM
;Cofre_Bluetooth.c,190 :: 		delay_ms(10);
0x01D6	0x300D      	MOVLW      13
0x01D7	0x00FC      	MOVWF      R12
0x01D8	0x30FB      	MOVLW      251
0x01D9	0x00FD      	MOVWF      R13
L_chekDinero60:
0x01DA	0x0BFD      	DECFSZ     R13, 1
0x01DB	0x29DA      	GOTO       L_chekDinero60
0x01DC	0x0BFC      	DECFSZ     R12, 1
0x01DD	0x29DA      	GOTO       L_chekDinero60
0x01DE	0x0000      	NOP
0x01DF	0x0000      	NOP
;Cofre_Bluetooth.c,188 :: 		for ( i=0; i<strlen(enterUser); i++ ){
0x01E0	0x1283      	BCF        STATUS, 5
0x01E1	0x0AD3      	INCF       chekDinero_i_L0, 1
;Cofre_Bluetooth.c,191 :: 		}
0x01E2	0x29BD      	GOTO       L_chekDinero57
L_chekDinero58:
;Cofre_Bluetooth.c,192 :: 		for(j=i; j<(i+10); j++){
0x01E3	0x0853      	MOVF       chekDinero_i_L0, 0
0x01E4	0x00D4      	MOVWF      chekDinero_j_L0
L_chekDinero61:
0x01E5	0x300A      	MOVLW      10
0x01E6	0x0753      	ADDWF      chekDinero_i_L0, 0
0x01E7	0x00F1      	MOVWF      R1
0x01E8	0x01F2      	CLRF       R1+1
0x01E9	0x1803      	BTFSC      STATUS, 0
0x01EA	0x0AF2      	INCF       R1+1, 1
0x01EB	0x3080      	MOVLW      128
0x01EC	0x00F0      	MOVWF      R0
0x01ED	0x3080      	MOVLW      128
0x01EE	0x0672      	XORWF      R1+1, 0
0x01EF	0x0270      	SUBWF      R0, 0
0x01F0	0x1D03      	BTFSS      STATUS, 2
0x01F1	0x29F4      	GOTO       L__chekDinero92
0x01F2	0x0871      	MOVF       R1, 0
0x01F3	0x0254      	SUBWF      chekDinero_j_L0, 0
L__chekDinero92:
0x01F4	0x1803      	BTFSC      STATUS, 0
0x01F5	0x2A0B      	GOTO       L_chekDinero62
;Cofre_Bluetooth.c,193 :: 		write_EEPROM(0x00,0xFF,0x00,ubicacionDineroEEPROM+j);
0x01F6	0x01EB      	CLRF       FARG_write_EEPROM_datoH
0x01F7	0x30FF      	MOVLW      255
0x01F8	0x00EC      	MOVWF      FARG_write_EEPROM_datoL
0x01F9	0x01ED      	CLRF       FARG_write_EEPROM_addrH
0x01FA	0x0854      	MOVF       chekDinero_j_L0, 0
0x01FB	0x3E18      	ADDLW      24
0x01FC	0x00EE      	MOVWF      FARG_write_EEPROM_addrL
0x01FD	0x20B5      	CALL       _write_EEPROM
;Cofre_Bluetooth.c,194 :: 		delay_ms(10);
0x01FE	0x300D      	MOVLW      13
0x01FF	0x00FC      	MOVWF      R12
0x0200	0x30FB      	MOVLW      251
0x0201	0x00FD      	MOVWF      R13
L_chekDinero64:
0x0202	0x0BFD      	DECFSZ     R13, 1
0x0203	0x2A02      	GOTO       L_chekDinero64
0x0204	0x0BFC      	DECFSZ     R12, 1
0x0205	0x2A02      	GOTO       L_chekDinero64
0x0206	0x0000      	NOP
0x0207	0x0000      	NOP
;Cofre_Bluetooth.c,192 :: 		for(j=i; j<(i+10); j++){
0x0208	0x1283      	BCF        STATUS, 5
0x0209	0x0AD4      	INCF       chekDinero_j_L0, 1
;Cofre_Bluetooth.c,195 :: 		}
0x020A	0x29E5      	GOTO       L_chekDinero61
L_chekDinero62:
;Cofre_Bluetooth.c,196 :: 		UART2_Write_Text("Dinero actualizado.\r\n");
0x020B	0x306F      	MOVLW      ?lstr_21_Cofre_Bluetooth
0x020C	0x00EB      	MOVWF      FARG_UART2_Write_Text_text
0x020D	0x3005      	MOVLW      hi_addr(?lstr_21_Cofre_Bluetooth)
0x020E	0x00EC      	MOVWF      FARG_UART2_Write_Text_text+1
0x020F	0x20D3      	CALL       _UART2_Write_Text
;Cofre_Bluetooth.c,198 :: 		}
0x0210	0x2A16      	GOTO       L_chekDinero65
L_chekDinero56:
;Cofre_Bluetooth.c,200 :: 		UART2_Write_Text("Ok.\r\n");
0x0211	0x30C9      	MOVLW      ?lstr_22_Cofre_Bluetooth
0x0212	0x00EB      	MOVWF      FARG_UART2_Write_Text_text
0x0213	0x3005      	MOVLW      hi_addr(?lstr_22_Cofre_Bluetooth)
0x0214	0x00EC      	MOVWF      FARG_UART2_Write_Text_text+1
0x0215	0x20D3      	CALL       _UART2_Write_Text
L_chekDinero65:
;Cofre_Bluetooth.c,202 :: 		}
L_end_chekDinero:
0x0216	0x0008      	RETURN
; end of _chekDinero
_chekPsw:
;Cofre_Bluetooth.c,76 :: 		unsigned char chekPsw(){
;Cofre_Bluetooth.c,78 :: 		unsigned char enterUser[10]={0}, dato=0,i=0,n_dato=0;
0x0217	0x1283      	BCF        STATUS, 5
0x0218	0x1303      	BCF        STATUS, 6
0x0219	0x01D3      	CLRF       chekPsw_enterUser_L0
0x021A	0x01D4      	CLRF       chekPsw_enterUser_L0+1
0x021B	0x01D5      	CLRF       chekPsw_enterUser_L0+2
0x021C	0x01D6      	CLRF       chekPsw_enterUser_L0+3
0x021D	0x01D7      	CLRF       chekPsw_enterUser_L0+4
0x021E	0x01D8      	CLRF       chekPsw_enterUser_L0+5
0x021F	0x01D9      	CLRF       chekPsw_enterUser_L0+6
0x0220	0x01DA      	CLRF       chekPsw_enterUser_L0+7
0x0221	0x01DB      	CLRF       chekPsw_enterUser_L0+8
0x0222	0x01DC      	CLRF       chekPsw_enterUser_L0+9
0x0223	0x01DD      	CLRF       chekPsw_dato_L0
0x0224	0x01DE      	CLRF       chekPsw_i_L0
;Cofre_Bluetooth.c,80 :: 		UART2_Write_Text("Ingrese contrasenia:\r\n");
0x0225	0x3041      	MOVLW      ?lstr_8_Cofre_Bluetooth
0x0226	0x00EB      	MOVWF      FARG_UART2_Write_Text_text
0x0227	0x3005      	MOVLW      hi_addr(?lstr_8_Cofre_Bluetooth)
0x0228	0x00EC      	MOVWF      FARG_UART2_Write_Text_text+1
0x0229	0x20D3      	CALL       _UART2_Write_Text
;Cofre_Bluetooth.c,83 :: 		while(dato != '\r' && STATE == 1){
L_chekPsw17:
0x022A	0x085D      	MOVF       chekPsw_dato_L0, 0
0x022B	0x3A0D      	XORLW      13
0x022C	0x1903      	BTFSC      STATUS, 2
0x022D	0x2A42      	GOTO       L_chekPsw18
0x022E	0x1C85      	BTFSS      PORTA, 1
0x022F	0x2A42      	GOTO       L_chekPsw18
L__chekPsw84:
;Cofre_Bluetooth.c,85 :: 		if( UART1_Data_Ready() ){
0x0230	0x2015      	CALL       _UART1_Data_Ready
0x0231	0x0870      	MOVF       R0, 0
0x0232	0x1903      	BTFSC      STATUS, 2
0x0233	0x2A41      	GOTO       L_chekPsw21
;Cofre_Bluetooth.c,86 :: 		dato = UART1_Read();
0x0234	0x200A      	CALL       _UART1_Read
0x0235	0x0870      	MOVF       R0, 0
0x0236	0x00DD      	MOVWF      chekPsw_dato_L0
;Cofre_Bluetooth.c,87 :: 		if(dato != '\r'){
0x0237	0x0870      	MOVF       R0, 0
0x0238	0x3A0D      	XORLW      13
0x0239	0x1903      	BTFSC      STATUS, 2
0x023A	0x2A41      	GOTO       L_chekPsw22
;Cofre_Bluetooth.c,88 :: 		enterUser[i] = dato;
0x023B	0x085E      	MOVF       chekPsw_i_L0, 0
0x023C	0x3E53      	ADDLW      chekPsw_enterUser_L0
0x023D	0x0084      	MOVWF      FSR
0x023E	0x085D      	MOVF       chekPsw_dato_L0, 0
0x023F	0x0080      	MOVWF      INDF
;Cofre_Bluetooth.c,89 :: 		i++;
0x0240	0x0ADE      	INCF       chekPsw_i_L0, 1
;Cofre_Bluetooth.c,90 :: 		}
L_chekPsw22:
;Cofre_Bluetooth.c,91 :: 		}
L_chekPsw21:
;Cofre_Bluetooth.c,93 :: 		}
0x0241	0x2A2A      	GOTO       L_chekPsw17
L_chekPsw18:
;Cofre_Bluetooth.c,96 :: 		if ( !strncmp(pswAcceso,enterUser,5) || !strncmp("root:J1A9R9A9",enterUser,10) ){
0x0242	0x3031      	MOVLW      _pswAcceso
0x0243	0x00EB      	MOVWF      FARG_strncmp_s1
0x0244	0x3053      	MOVLW      chekPsw_enterUser_L0
0x0245	0x00EC      	MOVWF      FARG_strncmp_s2
0x0246	0x3005      	MOVLW      5
0x0247	0x00ED      	MOVWF      FARG_strncmp_len
0x0248	0x2105      	CALL       _strncmp
0x0249	0x0870      	MOVF       R0, 0
0x024A	0x0471      	IORWF      R0+1, 0
0x024B	0x1903      	BTFSC      STATUS, 2
0x024C	0x2A59      	GOTO       L__chekPsw83
0x024D	0x3036      	MOVLW      ?lstr9_Cofre_Bluetooth
0x024E	0x00EB      	MOVWF      FARG_strncmp_s1
0x024F	0x3053      	MOVLW      chekPsw_enterUser_L0
0x0250	0x00EC      	MOVWF      FARG_strncmp_s2
0x0251	0x300A      	MOVLW      10
0x0252	0x00ED      	MOVWF      FARG_strncmp_len
0x0253	0x2105      	CALL       _strncmp
0x0254	0x0870      	MOVF       R0, 0
0x0255	0x0471      	IORWF      R0+1, 0
0x0256	0x1903      	BTFSC      STATUS, 2
0x0257	0x2A59      	GOTO       L__chekPsw83
0x0258	0x2A61      	GOTO       L_chekPsw25
L__chekPsw83:
;Cofre_Bluetooth.c,97 :: 		UART2_Write_Text("Contrasenia correcta.\r\n");
0x0259	0x3029      	MOVLW      ?lstr_10_Cofre_Bluetooth
0x025A	0x00EB      	MOVWF      FARG_UART2_Write_Text_text
0x025B	0x3005      	MOVLW      hi_addr(?lstr_10_Cofre_Bluetooth)
0x025C	0x00EC      	MOVWF      FARG_UART2_Write_Text_text+1
0x025D	0x20D3      	CALL       _UART2_Write_Text
;Cofre_Bluetooth.c,98 :: 		return 1;
0x025E	0x3001      	MOVLW      1
0x025F	0x00F0      	MOVWF      R0
0x0260	0x2A67      	GOTO       L_end_chekPsw
;Cofre_Bluetooth.c,99 :: 		}
L_chekPsw25:
;Cofre_Bluetooth.c,101 :: 		UART2_Write_Text("Contrasenia incorrecta.\r\n");
0x0261	0x30DC      	MOVLW      ?lstr_11_Cofre_Bluetooth
0x0262	0x00EB      	MOVWF      FARG_UART2_Write_Text_text
0x0263	0x3004      	MOVLW      hi_addr(?lstr_11_Cofre_Bluetooth)
0x0264	0x00EC      	MOVWF      FARG_UART2_Write_Text_text+1
0x0265	0x20D3      	CALL       _UART2_Write_Text
;Cofre_Bluetooth.c,102 :: 		return 0;
0x0266	0x01F0      	CLRF       R0
;Cofre_Bluetooth.c,106 :: 		}
L_end_chekPsw:
0x0267	0x0008      	RETURN
; end of _chekPsw
_cambiarPsw:
;Cofre_Bluetooth.c,108 :: 		void cambiarPsw(){
;Cofre_Bluetooth.c,109 :: 		unsigned char i = 0;
0x0268	0x1283      	BCF        STATUS, 5
0x0269	0x1303      	BCF        STATUS, 6
0x026A	0x01D3      	CLRF       cambiarPsw_i_L0
0x026B	0x01D4      	CLRF       cambiarPsw_dato_L0
0x026C	0x01D5      	CLRF       cambiarPsw_enterUser_L0
0x026D	0x01D6      	CLRF       cambiarPsw_enterUser_L0+1
0x026E	0x01D7      	CLRF       cambiarPsw_enterUser_L0+2
0x026F	0x01D8      	CLRF       cambiarPsw_enterUser_L0+3
0x0270	0x01D9      	CLRF       cambiarPsw_enterUser_L0+4
;Cofre_Bluetooth.c,113 :: 		UART2_Write_Text("Nueva contrasenia:\r\n");
0x0271	0x3085      	MOVLW      ?lstr_12_Cofre_Bluetooth
0x0272	0x00EB      	MOVWF      FARG_UART2_Write_Text_text
0x0273	0x3005      	MOVLW      hi_addr(?lstr_12_Cofre_Bluetooth)
0x0274	0x00EC      	MOVWF      FARG_UART2_Write_Text_text+1
0x0275	0x20D3      	CALL       _UART2_Write_Text
;Cofre_Bluetooth.c,116 :: 		while(dato != '\r' && STATE == 1){
L_cambiarPsw27:
0x0276	0x0854      	MOVF       cambiarPsw_dato_L0, 0
0x0277	0x3A0D      	XORLW      13
0x0278	0x1903      	BTFSC      STATUS, 2
0x0279	0x2A8E      	GOTO       L_cambiarPsw28
0x027A	0x1C85      	BTFSS      PORTA, 1
0x027B	0x2A8E      	GOTO       L_cambiarPsw28
L__cambiarPsw85:
;Cofre_Bluetooth.c,118 :: 		if( UART1_Data_Ready() ){
0x027C	0x2015      	CALL       _UART1_Data_Ready
0x027D	0x0870      	MOVF       R0, 0
0x027E	0x1903      	BTFSC      STATUS, 2
0x027F	0x2A8D      	GOTO       L_cambiarPsw31
;Cofre_Bluetooth.c,119 :: 		dato = UART1_Read();
0x0280	0x200A      	CALL       _UART1_Read
0x0281	0x0870      	MOVF       R0, 0
0x0282	0x00D4      	MOVWF      cambiarPsw_dato_L0
;Cofre_Bluetooth.c,120 :: 		if(dato != '\r'){
0x0283	0x0870      	MOVF       R0, 0
0x0284	0x3A0D      	XORLW      13
0x0285	0x1903      	BTFSC      STATUS, 2
0x0286	0x2A8D      	GOTO       L_cambiarPsw32
;Cofre_Bluetooth.c,121 :: 		enterUser[i] = dato;
0x0287	0x0853      	MOVF       cambiarPsw_i_L0, 0
0x0288	0x3E55      	ADDLW      cambiarPsw_enterUser_L0
0x0289	0x0084      	MOVWF      FSR
0x028A	0x0854      	MOVF       cambiarPsw_dato_L0, 0
0x028B	0x0080      	MOVWF      INDF
;Cofre_Bluetooth.c,122 :: 		i++;
0x028C	0x0AD3      	INCF       cambiarPsw_i_L0, 1
;Cofre_Bluetooth.c,123 :: 		}
L_cambiarPsw32:
;Cofre_Bluetooth.c,124 :: 		}
L_cambiarPsw31:
;Cofre_Bluetooth.c,126 :: 		}
0x028D	0x2A76      	GOTO       L_cambiarPsw27
L_cambiarPsw28:
;Cofre_Bluetooth.c,128 :: 		if(i==tamPsw){
0x028E	0x0853      	MOVF       cambiarPsw_i_L0, 0
0x028F	0x3A04      	XORLW      4
0x0290	0x1D03      	BTFSS      STATUS, 2
0x0291	0x2AD0      	GOTO       L_cambiarPsw33
;Cofre_Bluetooth.c,129 :: 		for(i=0;i<tamPsw;i++){
0x0292	0x01D3      	CLRF       cambiarPsw_i_L0
L_cambiarPsw34:
0x0293	0x3004      	MOVLW      4
0x0294	0x0253      	SUBWF      cambiarPsw_i_L0, 0
0x0295	0x1803      	BTFSC      STATUS, 0
0x0296	0x2AAF      	GOTO       L_cambiarPsw35
;Cofre_Bluetooth.c,130 :: 		write_EEPROM(0x00,enterUser[i],0x00, ubicacionPswEEPROM+i); //Clave por defecto "1234" posicion 0x10
0x0297	0x01EB      	CLRF       FARG_write_EEPROM_datoH
0x0298	0x0853      	MOVF       cambiarPsw_i_L0, 0
0x0299	0x3E55      	ADDLW      cambiarPsw_enterUser_L0
0x029A	0x0084      	MOVWF      FSR
0x029B	0x0800      	MOVF       INDF, 0
0x029C	0x00EC      	MOVWF      FARG_write_EEPROM_datoL
0x029D	0x01ED      	CLRF       FARG_write_EEPROM_addrH
0x029E	0x0853      	MOVF       cambiarPsw_i_L0, 0
0x029F	0x3E10      	ADDLW      16
0x02A0	0x00EE      	MOVWF      FARG_write_EEPROM_addrL
0x02A1	0x20B5      	CALL       _write_EEPROM
;Cofre_Bluetooth.c,131 :: 		delay_ms(10);
0x02A2	0x300D      	MOVLW      13
0x02A3	0x00FC      	MOVWF      R12
0x02A4	0x30FB      	MOVLW      251
0x02A5	0x00FD      	MOVWF      R13
L_cambiarPsw37:
0x02A6	0x0BFD      	DECFSZ     R13, 1
0x02A7	0x2AA6      	GOTO       L_cambiarPsw37
0x02A8	0x0BFC      	DECFSZ     R12, 1
0x02A9	0x2AA6      	GOTO       L_cambiarPsw37
0x02AA	0x0000      	NOP
0x02AB	0x0000      	NOP
;Cofre_Bluetooth.c,129 :: 		for(i=0;i<tamPsw;i++){
0x02AC	0x1283      	BCF        STATUS, 5
0x02AD	0x0AD3      	INCF       cambiarPsw_i_L0, 1
;Cofre_Bluetooth.c,132 :: 		}
0x02AE	0x2A93      	GOTO       L_cambiarPsw34
L_cambiarPsw35:
;Cofre_Bluetooth.c,133 :: 		UART2_Write_Text("Contrasenia actualizada.\r\n");
0x02AF	0x30C1      	MOVLW      ?lstr_13_Cofre_Bluetooth
0x02B0	0x00EB      	MOVWF      FARG_UART2_Write_Text_text
0x02B1	0x3004      	MOVLW      hi_addr(?lstr_13_Cofre_Bluetooth)
0x02B2	0x00EC      	MOVWF      FARG_UART2_Write_Text_text+1
0x02B3	0x20D3      	CALL       _UART2_Write_Text
;Cofre_Bluetooth.c,134 :: 		UART2_Write_Text("Su nueva contrasenia es: ");
0x02B4	0x30F6      	MOVLW      ?lstr_14_Cofre_Bluetooth
0x02B5	0x00EB      	MOVWF      FARG_UART2_Write_Text_text
0x02B6	0x3004      	MOVLW      hi_addr(?lstr_14_Cofre_Bluetooth)
0x02B7	0x00EC      	MOVWF      FARG_UART2_Write_Text_text+1
0x02B8	0x20D3      	CALL       _UART2_Write_Text
;Cofre_Bluetooth.c,135 :: 		for(i=0; i<tamPsw;i++)
0x02B9	0x01D3      	CLRF       cambiarPsw_i_L0
L_cambiarPsw38:
0x02BA	0x3004      	MOVLW      4
0x02BB	0x0253      	SUBWF      cambiarPsw_i_L0, 0
0x02BC	0x1803      	BTFSC      STATUS, 0
0x02BD	0x2AC7      	GOTO       L_cambiarPsw39
;Cofre_Bluetooth.c,136 :: 		UART1_Write(enterUser[i]);
0x02BE	0x0853      	MOVF       cambiarPsw_i_L0, 0
0x02BF	0x3E55      	ADDLW      cambiarPsw_enterUser_L0
0x02C0	0x0084      	MOVWF      FSR
0x02C1	0x0800      	MOVF       INDF, 0
0x02C2	0x1683      	BSF        STATUS, 5
0x02C3	0x00A1      	MOVWF      FARG_UART1_Write_data_
0x02C4	0x201C      	CALL       _UART1_Write
;Cofre_Bluetooth.c,135 :: 		for(i=0; i<tamPsw;i++)
0x02C5	0x0AD3      	INCF       cambiarPsw_i_L0, 1
;Cofre_Bluetooth.c,136 :: 		UART1_Write(enterUser[i]);
0x02C6	0x2ABA      	GOTO       L_cambiarPsw38
L_cambiarPsw39:
;Cofre_Bluetooth.c,137 :: 		UART1_Write('\r');
0x02C7	0x300D      	MOVLW      13
0x02C8	0x1683      	BSF        STATUS, 5
0x02C9	0x00A1      	MOVWF      FARG_UART1_Write_data_
0x02CA	0x201C      	CALL       _UART1_Write
;Cofre_Bluetooth.c,138 :: 		UART1_Write('\n');
0x02CB	0x300A      	MOVLW      10
0x02CC	0x1683      	BSF        STATUS, 5
0x02CD	0x00A1      	MOVWF      FARG_UART1_Write_data_
0x02CE	0x201C      	CALL       _UART1_Write
;Cofre_Bluetooth.c,139 :: 		}
0x02CF	0x2AD5      	GOTO       L_cambiarPsw41
L_cambiarPsw33:
;Cofre_Bluetooth.c,141 :: 		UART2_Write_Text("Contrasenia NO actualizada.\r\n");
0x02D0	0x306B      	MOVLW      ?lstr_15_Cofre_Bluetooth
0x02D1	0x00EB      	MOVWF      FARG_UART2_Write_Text_text
0x02D2	0x3004      	MOVLW      hi_addr(?lstr_15_Cofre_Bluetooth)
0x02D3	0x00EC      	MOVWF      FARG_UART2_Write_Text_text+1
0x02D4	0x20D3      	CALL       _UART2_Write_Text
L_cambiarPsw41:
;Cofre_Bluetooth.c,144 :: 		for(i=0;i<tamPsw;i++){
0x02D5	0x01D3      	CLRF       cambiarPsw_i_L0
L_cambiarPsw42:
0x02D6	0x3004      	MOVLW      4
0x02D7	0x0253      	SUBWF      cambiarPsw_i_L0, 0
0x02D8	0x1803      	BTFSC      STATUS, 0
0x02D9	0x2AF3      	GOTO       L_cambiarPsw43
;Cofre_Bluetooth.c,145 :: 		pswAcceso[i]=read_EEPROM(0x00,ubicacionPswEEPROM+i);
0x02DA	0x0853      	MOVF       cambiarPsw_i_L0, 0
0x02DB	0x3E31      	ADDLW      _pswAcceso
0x02DC	0x00DA      	MOVWF      FLOC__cambiarPsw
0x02DD	0x01EB      	CLRF       FARG_read_EEPROM_addrH
0x02DE	0x0853      	MOVF       cambiarPsw_i_L0, 0
0x02DF	0x3E10      	ADDLW      16
0x02E0	0x00EC      	MOVWF      FARG_read_EEPROM_addrL
0x02E1	0x2076      	CALL       _read_EEPROM
0x02E2	0x1283      	BCF        STATUS, 5
0x02E3	0x085A      	MOVF       FLOC__cambiarPsw, 0
0x02E4	0x0084      	MOVWF      FSR
0x02E5	0x0870      	MOVF       R0, 0
0x02E6	0x0080      	MOVWF      INDF
;Cofre_Bluetooth.c,146 :: 		delay_ms(10);
0x02E7	0x300D      	MOVLW      13
0x02E8	0x00FC      	MOVWF      R12
0x02E9	0x30FB      	MOVLW      251
0x02EA	0x00FD      	MOVWF      R13
L_cambiarPsw45:
0x02EB	0x0BFD      	DECFSZ     R13, 1
0x02EC	0x2AEB      	GOTO       L_cambiarPsw45
0x02ED	0x0BFC      	DECFSZ     R12, 1
0x02EE	0x2AEB      	GOTO       L_cambiarPsw45
0x02EF	0x0000      	NOP
0x02F0	0x0000      	NOP
;Cofre_Bluetooth.c,144 :: 		for(i=0;i<tamPsw;i++){
0x02F1	0x0AD3      	INCF       cambiarPsw_i_L0, 1
;Cofre_Bluetooth.c,147 :: 		}
0x02F2	0x2AD6      	GOTO       L_cambiarPsw42
L_cambiarPsw43:
;Cofre_Bluetooth.c,148 :: 		pswAcceso[i] = '\0';
0x02F3	0x0853      	MOVF       cambiarPsw_i_L0, 0
0x02F4	0x3E31      	ADDLW      _pswAcceso
0x02F5	0x0084      	MOVWF      FSR
0x02F6	0x0180      	CLRF       INDF
;Cofre_Bluetooth.c,151 :: 		}
L_end_cambiarPsw:
0x02F7	0x0008      	RETURN
; end of _cambiarPsw
_chekDefault:
;Cofre_Bluetooth.c,206 :: 		void chekDefault(){
;Cofre_Bluetooth.c,208 :: 		unsigned char i = 0;
0x02F8	0x1283      	BCF        STATUS, 5
0x02F9	0x1303      	BCF        STATUS, 6
0x02FA	0x01D3      	CLRF       chekDefault_i_L0
;Cofre_Bluetooth.c,210 :: 		if(read_EEPROM(0x00,0x08)!=1){
0x02FB	0x01EB      	CLRF       FARG_read_EEPROM_addrH
0x02FC	0x3008      	MOVLW      8
0x02FD	0x00EC      	MOVWF      FARG_read_EEPROM_addrL
0x02FE	0x2076      	CALL       _read_EEPROM
0x02FF	0x0870      	MOVF       R0, 0
0x0300	0x3A01      	XORLW      1
0x0301	0x1903      	BTFSC      STATUS, 2
0x0302	0x2B42      	GOTO       L_chekDefault66
;Cofre_Bluetooth.c,212 :: 		for(i=0;i<tamPsw;i++){
0x0303	0x1283      	BCF        STATUS, 5
0x0304	0x01D3      	CLRF       chekDefault_i_L0
L_chekDefault67:
0x0305	0x3004      	MOVLW      4
0x0306	0x0253      	SUBWF      chekDefault_i_L0, 0
0x0307	0x1803      	BTFSC      STATUS, 0
0x0308	0x2B1F      	GOTO       L_chekDefault68
;Cofre_Bluetooth.c,213 :: 		write_EEPROM(0x00,0x31+i,0x00, ubicacionPswEEPROM+i); //Clave por defecto "1234" posicion 0x10
0x0309	0x01EB      	CLRF       FARG_write_EEPROM_datoH
0x030A	0x0853      	MOVF       chekDefault_i_L0, 0
0x030B	0x3E31      	ADDLW      49
0x030C	0x00EC      	MOVWF      FARG_write_EEPROM_datoL
0x030D	0x01ED      	CLRF       FARG_write_EEPROM_addrH
0x030E	0x0853      	MOVF       chekDefault_i_L0, 0
0x030F	0x3E10      	ADDLW      16
0x0310	0x00EE      	MOVWF      FARG_write_EEPROM_addrL
0x0311	0x20B5      	CALL       _write_EEPROM
;Cofre_Bluetooth.c,214 :: 		delay_ms(10);
0x0312	0x300D      	MOVLW      13
0x0313	0x00FC      	MOVWF      R12
0x0314	0x30FB      	MOVLW      251
0x0315	0x00FD      	MOVWF      R13
L_chekDefault70:
0x0316	0x0BFD      	DECFSZ     R13, 1
0x0317	0x2B16      	GOTO       L_chekDefault70
0x0318	0x0BFC      	DECFSZ     R12, 1
0x0319	0x2B16      	GOTO       L_chekDefault70
0x031A	0x0000      	NOP
0x031B	0x0000      	NOP
;Cofre_Bluetooth.c,212 :: 		for(i=0;i<tamPsw;i++){
0x031C	0x1283      	BCF        STATUS, 5
0x031D	0x0AD3      	INCF       chekDefault_i_L0, 1
;Cofre_Bluetooth.c,215 :: 		}
0x031E	0x2B05      	GOTO       L_chekDefault67
L_chekDefault68:
;Cofre_Bluetooth.c,216 :: 		write_EEPROM(0x00,0x01,0x00,ubicacionBanderaPsw); //Escribir en alto la bandera, clave por defecto ya escrita
0x031F	0x01EB      	CLRF       FARG_write_EEPROM_datoH
0x0320	0x3001      	MOVLW      1
0x0321	0x00EC      	MOVWF      FARG_write_EEPROM_datoL
0x0322	0x01ED      	CLRF       FARG_write_EEPROM_addrH
0x0323	0x3008      	MOVLW      8
0x0324	0x00EE      	MOVWF      FARG_write_EEPROM_addrL
0x0325	0x20B5      	CALL       _write_EEPROM
;Cofre_Bluetooth.c,217 :: 		delay_ms(10);
0x0326	0x300D      	MOVLW      13
0x0327	0x00FC      	MOVWF      R12
0x0328	0x30FB      	MOVLW      251
0x0329	0x00FD      	MOVWF      R13
L_chekDefault71:
0x032A	0x0BFD      	DECFSZ     R13, 1
0x032B	0x2B2A      	GOTO       L_chekDefault71
0x032C	0x0BFC      	DECFSZ     R12, 1
0x032D	0x2B2A      	GOTO       L_chekDefault71
0x032E	0x0000      	NOP
0x032F	0x0000      	NOP
;Cofre_Bluetooth.c,218 :: 		write_EEPROM(0x00,0x30,0x00,ubicacionDineroEEPROM); //Escribir dinero inicial(0 pesos),   posicion 0x18
0x0330	0x1283      	BCF        STATUS, 5
0x0331	0x01EB      	CLRF       FARG_write_EEPROM_datoH
0x0332	0x3030      	MOVLW      48
0x0333	0x00EC      	MOVWF      FARG_write_EEPROM_datoL
0x0334	0x01ED      	CLRF       FARG_write_EEPROM_addrH
0x0335	0x3018      	MOVLW      24
0x0336	0x00EE      	MOVWF      FARG_write_EEPROM_addrL
0x0337	0x20B5      	CALL       _write_EEPROM
;Cofre_Bluetooth.c,219 :: 		delay_ms(10);
0x0338	0x300D      	MOVLW      13
0x0339	0x00FC      	MOVWF      R12
0x033A	0x30FB      	MOVLW      251
0x033B	0x00FD      	MOVWF      R13
L_chekDefault72:
0x033C	0x0BFD      	DECFSZ     R13, 1
0x033D	0x2B3C      	GOTO       L_chekDefault72
0x033E	0x0BFC      	DECFSZ     R12, 1
0x033F	0x2B3C      	GOTO       L_chekDefault72
0x0340	0x0000      	NOP
0x0341	0x0000      	NOP
;Cofre_Bluetooth.c,220 :: 		}
L_chekDefault66:
;Cofre_Bluetooth.c,221 :: 		for(i=0;i<tamPsw;i++){
0x0342	0x1283      	BCF        STATUS, 5
0x0343	0x01D3      	CLRF       chekDefault_i_L0
L_chekDefault73:
0x0344	0x3004      	MOVLW      4
0x0345	0x0253      	SUBWF      chekDefault_i_L0, 0
0x0346	0x1803      	BTFSC      STATUS, 0
0x0347	0x2B61      	GOTO       L_chekDefault74
;Cofre_Bluetooth.c,222 :: 		pswAcceso[i]=read_EEPROM(0x00,ubicacionPswEEPROM+i);
0x0348	0x0853      	MOVF       chekDefault_i_L0, 0
0x0349	0x3E31      	ADDLW      _pswAcceso
0x034A	0x00D4      	MOVWF      FLOC__chekDefault
0x034B	0x01EB      	CLRF       FARG_read_EEPROM_addrH
0x034C	0x0853      	MOVF       chekDefault_i_L0, 0
0x034D	0x3E10      	ADDLW      16
0x034E	0x00EC      	MOVWF      FARG_read_EEPROM_addrL
0x034F	0x2076      	CALL       _read_EEPROM
0x0350	0x1283      	BCF        STATUS, 5
0x0351	0x0854      	MOVF       FLOC__chekDefault, 0
0x0352	0x0084      	MOVWF      FSR
0x0353	0x0870      	MOVF       R0, 0
0x0354	0x0080      	MOVWF      INDF
;Cofre_Bluetooth.c,223 :: 		delay_ms(10);
0x0355	0x300D      	MOVLW      13
0x0356	0x00FC      	MOVWF      R12
0x0357	0x30FB      	MOVLW      251
0x0358	0x00FD      	MOVWF      R13
L_chekDefault76:
0x0359	0x0BFD      	DECFSZ     R13, 1
0x035A	0x2B59      	GOTO       L_chekDefault76
0x035B	0x0BFC      	DECFSZ     R12, 1
0x035C	0x2B59      	GOTO       L_chekDefault76
0x035D	0x0000      	NOP
0x035E	0x0000      	NOP
;Cofre_Bluetooth.c,221 :: 		for(i=0;i<tamPsw;i++){
0x035F	0x0AD3      	INCF       chekDefault_i_L0, 1
;Cofre_Bluetooth.c,224 :: 		}
0x0360	0x2B44      	GOTO       L_chekDefault73
L_chekDefault74:
;Cofre_Bluetooth.c,225 :: 		pswAcceso[i] = '\0';
0x0361	0x0853      	MOVF       chekDefault_i_L0, 0
0x0362	0x3E31      	ADDLW      _pswAcceso
0x0363	0x0084      	MOVWF      FSR
0x0364	0x0180      	CLRF       INDF
;Cofre_Bluetooth.c,227 :: 		}
L_end_chekDefault:
0x0365	0x0008      	RETURN
; end of _chekDefault
___CC2DW:
;__Lib_System.c,134 :: 		
;__Lib_System.c,137 :: 		
_CC2D_Loop1:
;__Lib_System.c,139 :: 		
0x0366	0x2003      	CALL       _____DoICP
0x0367	0x118A      	BCF        PCLATH, 3
0x0368	0x120A      	BCF        PCLATH, 4
;__Lib_System.c,141 :: 		
0x0369	0x0080      	MOVWF      INDF
;__Lib_System.c,142 :: 		
0x036A	0x0A84      	INCF       FSR, 1
;__Lib_System.c,143 :: 		
0x036B	0x0AC7      	INCF       ___DoICPAddr, 1
;__Lib_System.c,145 :: 		
0x036C	0x1903      	BTFSC      STATUS, 2
;__Lib_System.c,146 :: 		
0x036D	0x0AC8      	INCF       ___DoICPAddr+1, 1
;__Lib_System.c,147 :: 		
0x036E	0x03F0      	DECF       R0, 1
;__Lib_System.c,149 :: 		
0x036F	0x1D03      	BTFSS      STATUS, 2
;__Lib_System.c,150 :: 		
0x0370	0x2B66      	GOTO       _CC2D_Loop1
;__Lib_System.c,152 :: 		
L_end___CC2DW:
0x0371	0x0008      	RETURN
; end of ___CC2DW
_UART1_Init:
;__Lib_UART_c45.c,2 :: 		
;__Lib_UART_c45.c,5 :: 		
0x0372	0x1283      	BCF        STATUS, 5
0x0373	0x1303      	BCF        STATUS, 6
0x0374	0x1696      	BSF        TXSTA, 5
;__Lib_UART_c45.c,6 :: 		
0x0375	0x3090      	MOVLW      144
0x0376	0x0097      	MOVWF      RCSTA
;__Lib_UART_c45.c,7 :: 		
0x0377	0x1683      	BSF        STATUS, 5
0x0378	0x1687      	BSF        TRISC5_bit, BitPos(TRISC5_bit+0)
;__Lib_UART_c45.c,8 :: 		
0x0379	0x1607      	BSF        TRISC4_bit, BitPos(TRISC4_bit+0)
;__Lib_UART_c45.c,9 :: 		
L_UART1_Init0:
0x037A	0x1283      	BCF        STATUS, 5
0x037B	0x1E8C      	BTFSS      PIR1, 5
0x037C	0x2B80      	GOTO       L_UART1_Init1
;__Lib_UART_c45.c,10 :: 		
0x037D	0x0814      	MOVF       RCREG, 0
0x037E	0x00F0      	MOVWF      R0
0x037F	0x2B7A      	GOTO       L_UART1_Init0
L_UART1_Init1:
;__Lib_UART_c45.c,11 :: 		
L_end_UART1_Init:
0x0380	0x0008      	RETURN
; end of _UART1_Init
_main:
0x0381	0x25D0      	CALL       1488
;Cofre_Bluetooth.c,20 :: 		void main() {
;Cofre_Bluetooth.c,22 :: 		TRISA.F0 = 0; //salida
0x0382	0x1683      	BSF        STATUS, 5
0x0383	0x1303      	BCF        STATUS, 6
0x0384	0x1005      	BCF        TRISA, 0
;Cofre_Bluetooth.c,23 :: 		PORTA.F0 = 0; //PUERTA
0x0385	0x1283      	BCF        STATUS, 5
0x0386	0x1005      	BCF        PORTA, 0
;Cofre_Bluetooth.c,24 :: 		TRISA.F2 = 0; //salida
0x0387	0x1683      	BSF        STATUS, 5
0x0388	0x1105      	BCF        TRISA, 2
;Cofre_Bluetooth.c,25 :: 		PORTA.F2 = 0; //LEDPIC
0x0389	0x1283      	BCF        STATUS, 5
0x038A	0x1105      	BCF        PORTA, 2
;Cofre_Bluetooth.c,26 :: 		TRISA.F1 = 1; //entrada, STATE
0x038B	0x1683      	BSF        STATUS, 5
0x038C	0x1485      	BSF        TRISA, 1
;Cofre_Bluetooth.c,27 :: 		ANSEL=0x00;//ANSELH=0;
0x038D	0x0191      	CLRF       ANSEL
;Cofre_Bluetooth.c,28 :: 		CMCON0 = 0xFF; // para que los pines del puerto A sean entradas digitales por completo
0x038E	0x30FF      	MOVLW      255
0x038F	0x1283      	BCF        STATUS, 5
0x0390	0x0099      	MOVWF      CMCON0
;Cofre_Bluetooth.c,29 :: 		UART1_Init(9600);
0x0391	0x3019      	MOVLW      25
0x0392	0x0093      	MOVWF      SPBRG
0x0393	0x1516      	BSF        TXSTA, 2
0x0394	0x2372      	CALL       _UART1_Init
;Cofre_Bluetooth.c,30 :: 		chekDefault();
0x0395	0x22F8      	CALL       _chekDefault
;Cofre_Bluetooth.c,31 :: 		delay_ms(500);
0x0396	0x3003      	MOVLW      3
0x0397	0x00FB      	MOVWF      R11
0x0398	0x308A      	MOVLW      138
0x0399	0x00FC      	MOVWF      R12
0x039A	0x3055      	MOVLW      85
0x039B	0x00FD      	MOVWF      R13
L_main0:
0x039C	0x0BFD      	DECFSZ     R13, 1
0x039D	0x2B9C      	GOTO       L_main0
0x039E	0x0BFC      	DECFSZ     R12, 1
0x039F	0x2B9C      	GOTO       L_main0
0x03A0	0x0BFB      	DECFSZ     R11, 1
0x03A1	0x2B9C      	GOTO       L_main0
0x03A2	0x0000      	NOP
0x03A3	0x0000      	NOP
;Cofre_Bluetooth.c,33 :: 		while(1){
L_main1:
;Cofre_Bluetooth.c,34 :: 		unsigned char enterUser[8]={0},dato=0,i=0;
0x03A4	0x01C9      	CLRF       main_enterUser_L1
0x03A5	0x01CA      	CLRF       main_enterUser_L1+1
0x03A6	0x01CB      	CLRF       main_enterUser_L1+2
0x03A7	0x01CC      	CLRF       main_enterUser_L1+3
0x03A8	0x01CD      	CLRF       main_enterUser_L1+4
0x03A9	0x01CE      	CLRF       main_enterUser_L1+5
0x03AA	0x01CF      	CLRF       main_enterUser_L1+6
0x03AB	0x01D0      	CLRF       main_enterUser_L1+7
0x03AC	0x01D1      	CLRF       main_dato_L1
0x03AD	0x01D2      	CLRF       main_i_L1
;Cofre_Bluetooth.c,35 :: 		if(STATE == 1){
0x03AE	0x1C85      	BTFSS      PORTA, 1
0x03AF	0x2C1D      	GOTO       L_main3
;Cofre_Bluetooth.c,36 :: 		PORTA.F2 = 1; //LEDPIC
0x03B0	0x1505      	BSF        PORTA, 2
;Cofre_Bluetooth.c,37 :: 		delay_ms(1000);
0x03B1	0x3006      	MOVLW      6
0x03B2	0x00FB      	MOVWF      R11
0x03B3	0x3013      	MOVLW      19
0x03B4	0x00FC      	MOVWF      R12
0x03B5	0x30AD      	MOVLW      173
0x03B6	0x00FD      	MOVWF      R13
L_main4:
0x03B7	0x0BFD      	DECFSZ     R13, 1
0x03B8	0x2BB7      	GOTO       L_main4
0x03B9	0x0BFC      	DECFSZ     R12, 1
0x03BA	0x2BB7      	GOTO       L_main4
0x03BB	0x0BFB      	DECFSZ     R11, 1
0x03BC	0x2BB7      	GOTO       L_main4
0x03BD	0x0000      	NOP
0x03BE	0x0000      	NOP
;Cofre_Bluetooth.c,39 :: 		if( chekPsw() ){
0x03BF	0x2217      	CALL       _chekPsw
0x03C0	0x0870      	MOVF       R0, 0
0x03C1	0x1903      	BTFSC      STATUS, 2
0x03C2	0x2C1D      	GOTO       L_main5
;Cofre_Bluetooth.c,40 :: 		PUERTA = 1;
0x03C3	0x1405      	BSF        PORTA, 0
;Cofre_Bluetooth.c,41 :: 		UART2_Write_Text("Abriendo...\r\r\n");
0x03C4	0x30BA      	MOVLW      ?lstr_1_Cofre_Bluetooth
0x03C5	0x00EB      	MOVWF      FARG_UART2_Write_Text_text
0x03C6	0x3005      	MOVLW      hi_addr(?lstr_1_Cofre_Bluetooth)
0x03C7	0x00EC      	MOVWF      FARG_UART2_Write_Text_text+1
0x03C8	0x20D3      	CALL       _UART2_Write_Text
;Cofre_Bluetooth.c,42 :: 		delay_ms(5000);
0x03C9	0x301A      	MOVLW      26
0x03CA	0x00FB      	MOVWF      R11
0x03CB	0x305E      	MOVLW      94
0x03CC	0x00FC      	MOVWF      R12
0x03CD	0x306E      	MOVLW      110
0x03CE	0x00FD      	MOVWF      R13
L_main6:
0x03CF	0x0BFD      	DECFSZ     R13, 1
0x03D0	0x2BCF      	GOTO       L_main6
0x03D1	0x0BFC      	DECFSZ     R12, 1
0x03D2	0x2BCF      	GOTO       L_main6
0x03D3	0x0BFB      	DECFSZ     R11, 1
0x03D4	0x2BCF      	GOTO       L_main6
0x03D5	0x0000      	NOP
;Cofre_Bluetooth.c,43 :: 		PUERTA = 0;
0x03D6	0x1005      	BCF        PORTA, 0
;Cofre_Bluetooth.c,45 :: 		UART2_Write_Text("Ingrese opcion. x para salir:\r\n");
0x03D7	0x304B      	MOVLW      ?lstr_2_Cofre_Bluetooth
0x03D8	0x00EB      	MOVWF      FARG_UART2_Write_Text_text
0x03D9	0x3004      	MOVLW      hi_addr(?lstr_2_Cofre_Bluetooth)
0x03DA	0x00EC      	MOVWF      FARG_UART2_Write_Text_text+1
0x03DB	0x20D3      	CALL       _UART2_Write_Text
;Cofre_Bluetooth.c,46 :: 		UART2_Write_Text("'dinero'  : Ver dinero. \r\n");
0x03DC	0x30A6      	MOVLW      ?lstr_3_Cofre_Bluetooth
0x03DD	0x00EB      	MOVWF      FARG_UART2_Write_Text_text
0x03DE	0x3004      	MOVLW      hi_addr(?lstr_3_Cofre_Bluetooth)
0x03DF	0x00EC      	MOVWF      FARG_UART2_Write_Text_text+1
0x03E0	0x20D3      	CALL       _UART2_Write_Text
;Cofre_Bluetooth.c,47 :: 		UART2_Write_Text("'cambiar' : Cambiar clave.\r\n");
0x03E1	0x3089      	MOVLW      ?lstr_4_Cofre_Bluetooth
0x03E2	0x00EB      	MOVWF      FARG_UART2_Write_Text_text
0x03E3	0x3004      	MOVLW      hi_addr(?lstr_4_Cofre_Bluetooth)
0x03E4	0x00EC      	MOVWF      FARG_UART2_Write_Text_text+1
0x03E5	0x20D3      	CALL       _UART2_Write_Text
;Cofre_Bluetooth.c,50 :: 		while(dato != '\r' && STATE == 1){
L_main7:
0x03E6	0x0851      	MOVF       main_dato_L1, 0
0x03E7	0x3A0D      	XORLW      13
0x03E8	0x1903      	BTFSC      STATUS, 2
0x03E9	0x2BFE      	GOTO       L_main8
0x03EA	0x1C85      	BTFSS      PORTA, 1
0x03EB	0x2BFE      	GOTO       L_main8
L__main82:
;Cofre_Bluetooth.c,51 :: 		if( UART1_Data_Ready() ){
0x03EC	0x2015      	CALL       _UART1_Data_Ready
0x03ED	0x0870      	MOVF       R0, 0
0x03EE	0x1903      	BTFSC      STATUS, 2
0x03EF	0x2BFD      	GOTO       L_main11
;Cofre_Bluetooth.c,52 :: 		dato = UART1_Read();
0x03F0	0x200A      	CALL       _UART1_Read
0x03F1	0x0870      	MOVF       R0, 0
0x03F2	0x00D1      	MOVWF      main_dato_L1
;Cofre_Bluetooth.c,53 :: 		if(dato != '\r'){
0x03F3	0x0870      	MOVF       R0, 0
0x03F4	0x3A0D      	XORLW      13
0x03F5	0x1903      	BTFSC      STATUS, 2
0x03F6	0x2BFD      	GOTO       L_main12
;Cofre_Bluetooth.c,54 :: 		enterUser[i] = dato;
0x03F7	0x0852      	MOVF       main_i_L1, 0
0x03F8	0x3E49      	ADDLW      main_enterUser_L1
0x03F9	0x0084      	MOVWF      FSR
0x03FA	0x0851      	MOVF       main_dato_L1, 0
0x03FB	0x0080      	MOVWF      INDF
;Cofre_Bluetooth.c,55 :: 		i++;
0x03FC	0x0AD2      	INCF       main_i_L1, 1
;Cofre_Bluetooth.c,56 :: 		}
L_main12:
;Cofre_Bluetooth.c,57 :: 		}
L_main11:
;Cofre_Bluetooth.c,58 :: 		}
0x03FD	0x2BE6      	GOTO       L_main7
L_main8:
;Cofre_Bluetooth.c,60 :: 		if ( !strncmp("dinero",enterUser,10) )
0x03FE	0x3022      	MOVLW      ?lstr5_Cofre_Bluetooth
0x03FF	0x00EB      	MOVWF      FARG_strncmp_s1
0x0400	0x3049      	MOVLW      main_enterUser_L1
0x0401	0x00EC      	MOVWF      FARG_strncmp_s2
0x0402	0x300A      	MOVLW      10
0x0403	0x00ED      	MOVWF      FARG_strncmp_len
0x0404	0x2105      	CALL       _strncmp
0x0405	0x0870      	MOVF       R0, 0
0x0406	0x0471      	IORWF      R0+1, 0
0x0407	0x1D03      	BTFSS      STATUS, 2
0x0408	0x2C0B      	GOTO       L_main13
;Cofre_Bluetooth.c,61 :: 		chekDinero();
0x0409	0x2130      	CALL       _chekDinero
0x040A	0x2C1D      	GOTO       L_main14
L_main13:
;Cofre_Bluetooth.c,63 :: 		else if ( !strncmp("cambiar",enterUser,10) )
0x040B	0x3029      	MOVLW      ?lstr6_Cofre_Bluetooth
0x040C	0x00EB      	MOVWF      FARG_strncmp_s1
0x040D	0x3049      	MOVLW      main_enterUser_L1
0x040E	0x00EC      	MOVWF      FARG_strncmp_s2
0x040F	0x300A      	MOVLW      10
0x0410	0x00ED      	MOVWF      FARG_strncmp_len
0x0411	0x2105      	CALL       _strncmp
0x0412	0x0870      	MOVF       R0, 0
0x0413	0x0471      	IORWF      R0+1, 0
0x0414	0x1D03      	BTFSS      STATUS, 2
0x0415	0x2C18      	GOTO       L_main15
;Cofre_Bluetooth.c,64 :: 		cambiarPsw();
0x0416	0x2268      	CALL       _cambiarPsw
0x0417	0x2C1D      	GOTO       L_main16
L_main15:
;Cofre_Bluetooth.c,67 :: 		UART2_Write_Text("Saliendo...\r\r\n");
0x0418	0x30AB      	MOVLW      ?lstr_7_Cofre_Bluetooth
0x0419	0x00EB      	MOVWF      FARG_UART2_Write_Text_text
0x041A	0x3005      	MOVLW      hi_addr(?lstr_7_Cofre_Bluetooth)
0x041B	0x00EC      	MOVWF      FARG_UART2_Write_Text_text+1
0x041C	0x20D3      	CALL       _UART2_Write_Text
L_main16:
L_main14:
;Cofre_Bluetooth.c,71 :: 		}
L_main5:
;Cofre_Bluetooth.c,72 :: 		}
L_main3:
;Cofre_Bluetooth.c,73 :: 		}
0x041D	0x2BA4      	GOTO       L_main1
;Cofre_Bluetooth.c,75 :: 		}
L_end_main:
0x041E	0x2C1E      	GOTO       $+0
; end of _main
0x05D0	0x3020      	MOVLW      32
0x05D1	0x0084      	MOVWF      FSR
0x05D2	0x3027      	MOVLW      39
0x05D3	0x1283      	BCF        STATUS, 5
0x05D4	0x1303      	BCF        STATUS, 6
0x05D5	0x00F0      	MOVWF      R0
0x05D6	0x3024      	MOVLW      36
0x05D7	0x00C7      	MOVWF      ___DoICPAddr
0x05D8	0x3004      	MOVLW      4
0x05D9	0x00C8      	MOVWF      72
0x05DA	0x2366      	CALL       870
0x05DB	0x0008      	RETURN
;Cofre_Bluetooth.c,0 :: ?ICS?lstr20_Cofre_Bluetooth
0x0424	0x340D ;?ICS?lstr20_Cofre_Bluetooth+0
0x0425	0x3400 ;?ICS?lstr20_Cofre_Bluetooth+1
; end of ?ICS?lstr20_Cofre_Bluetooth
;Cofre_Bluetooth.c,0 :: ?ICS?lstr5_Cofre_Bluetooth
0x0426	0x3464 ;?ICS?lstr5_Cofre_Bluetooth+0
0x0427	0x3469 ;?ICS?lstr5_Cofre_Bluetooth+1
0x0428	0x346E ;?ICS?lstr5_Cofre_Bluetooth+2
0x0429	0x3465 ;?ICS?lstr5_Cofre_Bluetooth+3
0x042A	0x3472 ;?ICS?lstr5_Cofre_Bluetooth+4
0x042B	0x346F ;?ICS?lstr5_Cofre_Bluetooth+5
0x042C	0x3400 ;?ICS?lstr5_Cofre_Bluetooth+6
; end of ?ICS?lstr5_Cofre_Bluetooth
;Cofre_Bluetooth.c,0 :: ?ICS?lstr6_Cofre_Bluetooth
0x042D	0x3463 ;?ICS?lstr6_Cofre_Bluetooth+0
0x042E	0x3461 ;?ICS?lstr6_Cofre_Bluetooth+1
0x042F	0x346D ;?ICS?lstr6_Cofre_Bluetooth+2
0x0430	0x3462 ;?ICS?lstr6_Cofre_Bluetooth+3
0x0431	0x3469 ;?ICS?lstr6_Cofre_Bluetooth+4
0x0432	0x3461 ;?ICS?lstr6_Cofre_Bluetooth+5
0x0433	0x3472 ;?ICS?lstr6_Cofre_Bluetooth+6
0x0434	0x3400 ;?ICS?lstr6_Cofre_Bluetooth+7
; end of ?ICS?lstr6_Cofre_Bluetooth
;Cofre_Bluetooth.c,0 :: ?ICS_pswAcceso
0x0435	0x3400 ;?ICS_pswAcceso+0
0x0436	0x3400 ;?ICS_pswAcceso+1
0x0437	0x3400 ;?ICS_pswAcceso+2
0x0438	0x3400 ;?ICS_pswAcceso+3
0x0439	0x3400 ;?ICS_pswAcceso+4
; end of ?ICS_pswAcceso
;Cofre_Bluetooth.c,0 :: ?ICS?lstr9_Cofre_Bluetooth
0x043A	0x3472 ;?ICS?lstr9_Cofre_Bluetooth+0
0x043B	0x346F ;?ICS?lstr9_Cofre_Bluetooth+1
0x043C	0x346F ;?ICS?lstr9_Cofre_Bluetooth+2
0x043D	0x3474 ;?ICS?lstr9_Cofre_Bluetooth+3
0x043E	0x343A ;?ICS?lstr9_Cofre_Bluetooth+4
0x043F	0x344A ;?ICS?lstr9_Cofre_Bluetooth+5
0x0440	0x3431 ;?ICS?lstr9_Cofre_Bluetooth+6
0x0441	0x3441 ;?ICS?lstr9_Cofre_Bluetooth+7
0x0442	0x3439 ;?ICS?lstr9_Cofre_Bluetooth+8
0x0443	0x3452 ;?ICS?lstr9_Cofre_Bluetooth+9
0x0444	0x3439 ;?ICS?lstr9_Cofre_Bluetooth+10
0x0445	0x3441 ;?ICS?lstr9_Cofre_Bluetooth+11
0x0446	0x3439 ;?ICS?lstr9_Cofre_Bluetooth+12
0x0447	0x3400 ;?ICS?lstr9_Cofre_Bluetooth+13
; end of ?ICS?lstr9_Cofre_Bluetooth
;Cofre_Bluetooth.c,0 :: ?ICS?lstr18_Cofre_Bluetooth
0x0448	0x3473 ;?ICS?lstr18_Cofre_Bluetooth+0
0x0449	0x3469 ;?ICS?lstr18_Cofre_Bluetooth+1
0x044A	0x3400 ;?ICS?lstr18_Cofre_Bluetooth+2
; end of ?ICS?lstr18_Cofre_Bluetooth
;Cofre_Bluetooth.c,0 :: ?lstr_2_Cofre_Bluetooth
0x044B	0x3449 ;?lstr_2_Cofre_Bluetooth+0
0x044C	0x346E ;?lstr_2_Cofre_Bluetooth+1
0x044D	0x3467 ;?lstr_2_Cofre_Bluetooth+2
0x044E	0x3472 ;?lstr_2_Cofre_Bluetooth+3
0x044F	0x3465 ;?lstr_2_Cofre_Bluetooth+4
0x0450	0x3473 ;?lstr_2_Cofre_Bluetooth+5
0x0451	0x3465 ;?lstr_2_Cofre_Bluetooth+6
0x0452	0x3420 ;?lstr_2_Cofre_Bluetooth+7
0x0453	0x346F ;?lstr_2_Cofre_Bluetooth+8
0x0454	0x3470 ;?lstr_2_Cofre_Bluetooth+9
0x0455	0x3463 ;?lstr_2_Cofre_Bluetooth+10
0x0456	0x3469 ;?lstr_2_Cofre_Bluetooth+11
0x0457	0x346F ;?lstr_2_Cofre_Bluetooth+12
0x0458	0x346E ;?lstr_2_Cofre_Bluetooth+13
0x0459	0x342E ;?lstr_2_Cofre_Bluetooth+14
0x045A	0x3420 ;?lstr_2_Cofre_Bluetooth+15
0x045B	0x3478 ;?lstr_2_Cofre_Bluetooth+16
0x045C	0x3420 ;?lstr_2_Cofre_Bluetooth+17
0x045D	0x3470 ;?lstr_2_Cofre_Bluetooth+18
0x045E	0x3461 ;?lstr_2_Cofre_Bluetooth+19
0x045F	0x3472 ;?lstr_2_Cofre_Bluetooth+20
0x0460	0x3461 ;?lstr_2_Cofre_Bluetooth+21
0x0461	0x3420 ;?lstr_2_Cofre_Bluetooth+22
0x0462	0x3473 ;?lstr_2_Cofre_Bluetooth+23
0x0463	0x3461 ;?lstr_2_Cofre_Bluetooth+24
0x0464	0x346C ;?lstr_2_Cofre_Bluetooth+25
0x0465	0x3469 ;?lstr_2_Cofre_Bluetooth+26
0x0466	0x3472 ;?lstr_2_Cofre_Bluetooth+27
0x0467	0x343A ;?lstr_2_Cofre_Bluetooth+28
0x0468	0x340D ;?lstr_2_Cofre_Bluetooth+29
0x0469	0x340A ;?lstr_2_Cofre_Bluetooth+30
0x046A	0x3400 ;?lstr_2_Cofre_Bluetooth+31
; end of ?lstr_2_Cofre_Bluetooth
;Cofre_Bluetooth.c,0 :: ?lstr_15_Cofre_Bluetooth
0x046B	0x3443 ;?lstr_15_Cofre_Bluetooth+0
0x046C	0x346F ;?lstr_15_Cofre_Bluetooth+1
0x046D	0x346E ;?lstr_15_Cofre_Bluetooth+2
0x046E	0x3474 ;?lstr_15_Cofre_Bluetooth+3
0x046F	0x3472 ;?lstr_15_Cofre_Bluetooth+4
0x0470	0x3461 ;?lstr_15_Cofre_Bluetooth+5
0x0471	0x3473 ;?lstr_15_Cofre_Bluetooth+6
0x0472	0x3465 ;?lstr_15_Cofre_Bluetooth+7
0x0473	0x346E ;?lstr_15_Cofre_Bluetooth+8
0x0474	0x3469 ;?lstr_15_Cofre_Bluetooth+9
0x0475	0x3461 ;?lstr_15_Cofre_Bluetooth+10
0x0476	0x3420 ;?lstr_15_Cofre_Bluetooth+11
0x0477	0x344E ;?lstr_15_Cofre_Bluetooth+12
0x0478	0x344F ;?lstr_15_Cofre_Bluetooth+13
0x0479	0x3420 ;?lstr_15_Cofre_Bluetooth+14
0x047A	0x3461 ;?lstr_15_Cofre_Bluetooth+15
0x047B	0x3463 ;?lstr_15_Cofre_Bluetooth+16
0x047C	0x3474 ;?lstr_15_Cofre_Bluetooth+17
0x047D	0x3475 ;?lstr_15_Cofre_Bluetooth+18
0x047E	0x3461 ;?lstr_15_Cofre_Bluetooth+19
0x047F	0x346C ;?lstr_15_Cofre_Bluetooth+20
0x0480	0x3469 ;?lstr_15_Cofre_Bluetooth+21
0x0481	0x347A ;?lstr_15_Cofre_Bluetooth+22
0x0482	0x3461 ;?lstr_15_Cofre_Bluetooth+23
0x0483	0x3464 ;?lstr_15_Cofre_Bluetooth+24
0x0484	0x3461 ;?lstr_15_Cofre_Bluetooth+25
0x0485	0x342E ;?lstr_15_Cofre_Bluetooth+26
0x0486	0x340D ;?lstr_15_Cofre_Bluetooth+27
0x0487	0x340A ;?lstr_15_Cofre_Bluetooth+28
0x0488	0x3400 ;?lstr_15_Cofre_Bluetooth+29
; end of ?lstr_15_Cofre_Bluetooth
;Cofre_Bluetooth.c,0 :: ?lstr_4_Cofre_Bluetooth
0x0489	0x3427 ;?lstr_4_Cofre_Bluetooth+0
0x048A	0x3463 ;?lstr_4_Cofre_Bluetooth+1
0x048B	0x3461 ;?lstr_4_Cofre_Bluetooth+2
0x048C	0x346D ;?lstr_4_Cofre_Bluetooth+3
0x048D	0x3462 ;?lstr_4_Cofre_Bluetooth+4
0x048E	0x3469 ;?lstr_4_Cofre_Bluetooth+5
0x048F	0x3461 ;?lstr_4_Cofre_Bluetooth+6
0x0490	0x3472 ;?lstr_4_Cofre_Bluetooth+7
0x0491	0x3427 ;?lstr_4_Cofre_Bluetooth+8
0x0492	0x3420 ;?lstr_4_Cofre_Bluetooth+9
0x0493	0x343A ;?lstr_4_Cofre_Bluetooth+10
0x0494	0x3420 ;?lstr_4_Cofre_Bluetooth+11
0x0495	0x3443 ;?lstr_4_Cofre_Bluetooth+12
0x0496	0x3461 ;?lstr_4_Cofre_Bluetooth+13
0x0497	0x346D ;?lstr_4_Cofre_Bluetooth+14
0x0498	0x3462 ;?lstr_4_Cofre_Bluetooth+15
0x0499	0x3469 ;?lstr_4_Cofre_Bluetooth+16
0x049A	0x3461 ;?lstr_4_Cofre_Bluetooth+17
0x049B	0x3472 ;?lstr_4_Cofre_Bluetooth+18
0x049C	0x3420 ;?lstr_4_Cofre_Bluetooth+19
0x049D	0x3463 ;?lstr_4_Cofre_Bluetooth+20
0x049E	0x346C ;?lstr_4_Cofre_Bluetooth+21
0x049F	0x3461 ;?lstr_4_Cofre_Bluetooth+22
0x04A0	0x3476 ;?lstr_4_Cofre_Bluetooth+23
0x04A1	0x3465 ;?lstr_4_Cofre_Bluetooth+24
0x04A2	0x342E ;?lstr_4_Cofre_Bluetooth+25
0x04A3	0x340D ;?lstr_4_Cofre_Bluetooth+26
0x04A4	0x340A ;?lstr_4_Cofre_Bluetooth+27
0x04A5	0x3400 ;?lstr_4_Cofre_Bluetooth+28
; end of ?lstr_4_Cofre_Bluetooth
;Cofre_Bluetooth.c,0 :: ?lstr_3_Cofre_Bluetooth
0x04A6	0x3427 ;?lstr_3_Cofre_Bluetooth+0
0x04A7	0x3464 ;?lstr_3_Cofre_Bluetooth+1
0x04A8	0x3469 ;?lstr_3_Cofre_Bluetooth+2
0x04A9	0x346E ;?lstr_3_Cofre_Bluetooth+3
0x04AA	0x3465 ;?lstr_3_Cofre_Bluetooth+4
0x04AB	0x3472 ;?lstr_3_Cofre_Bluetooth+5
0x04AC	0x346F ;?lstr_3_Cofre_Bluetooth+6
0x04AD	0x3427 ;?lstr_3_Cofre_Bluetooth+7
0x04AE	0x3420 ;?lstr_3_Cofre_Bluetooth+8
0x04AF	0x3420 ;?lstr_3_Cofre_Bluetooth+9
0x04B0	0x343A ;?lstr_3_Cofre_Bluetooth+10
0x04B1	0x3420 ;?lstr_3_Cofre_Bluetooth+11
0x04B2	0x3456 ;?lstr_3_Cofre_Bluetooth+12
0x04B3	0x3465 ;?lstr_3_Cofre_Bluetooth+13
0x04B4	0x3472 ;?lstr_3_Cofre_Bluetooth+14
0x04B5	0x3420 ;?lstr_3_Cofre_Bluetooth+15
0x04B6	0x3464 ;?lstr_3_Cofre_Bluetooth+16
0x04B7	0x3469 ;?lstr_3_Cofre_Bluetooth+17
0x04B8	0x346E ;?lstr_3_Cofre_Bluetooth+18
0x04B9	0x3465 ;?lstr_3_Cofre_Bluetooth+19
0x04BA	0x3472 ;?lstr_3_Cofre_Bluetooth+20
0x04BB	0x346F ;?lstr_3_Cofre_Bluetooth+21
0x04BC	0x342E ;?lstr_3_Cofre_Bluetooth+22
0x04BD	0x3420 ;?lstr_3_Cofre_Bluetooth+23
0x04BE	0x340D ;?lstr_3_Cofre_Bluetooth+24
0x04BF	0x340A ;?lstr_3_Cofre_Bluetooth+25
0x04C0	0x3400 ;?lstr_3_Cofre_Bluetooth+26
; end of ?lstr_3_Cofre_Bluetooth
;Cofre_Bluetooth.c,0 :: ?lstr_13_Cofre_Bluetooth
0x04C1	0x3443 ;?lstr_13_Cofre_Bluetooth+0
0x04C2	0x346F ;?lstr_13_Cofre_Bluetooth+1
0x04C3	0x346E ;?lstr_13_Cofre_Bluetooth+2
0x04C4	0x3474 ;?lstr_13_Cofre_Bluetooth+3
0x04C5	0x3472 ;?lstr_13_Cofre_Bluetooth+4
0x04C6	0x3461 ;?lstr_13_Cofre_Bluetooth+5
0x04C7	0x3473 ;?lstr_13_Cofre_Bluetooth+6
0x04C8	0x3465 ;?lstr_13_Cofre_Bluetooth+7
0x04C9	0x346E ;?lstr_13_Cofre_Bluetooth+8
0x04CA	0x3469 ;?lstr_13_Cofre_Bluetooth+9
0x04CB	0x3461 ;?lstr_13_Cofre_Bluetooth+10
0x04CC	0x3420 ;?lstr_13_Cofre_Bluetooth+11
0x04CD	0x3461 ;?lstr_13_Cofre_Bluetooth+12
0x04CE	0x3463 ;?lstr_13_Cofre_Bluetooth+13
0x04CF	0x3474 ;?lstr_13_Cofre_Bluetooth+14
0x04D0	0x3475 ;?lstr_13_Cofre_Bluetooth+15
0x04D1	0x3461 ;?lstr_13_Cofre_Bluetooth+16
0x04D2	0x346C ;?lstr_13_Cofre_Bluetooth+17
0x04D3	0x3469 ;?lstr_13_Cofre_Bluetooth+18
0x04D4	0x347A ;?lstr_13_Cofre_Bluetooth+19
0x04D5	0x3461 ;?lstr_13_Cofre_Bluetooth+20
0x04D6	0x3464 ;?lstr_13_Cofre_Bluetooth+21
0x04D7	0x3461 ;?lstr_13_Cofre_Bluetooth+22
0x04D8	0x342E ;?lstr_13_Cofre_Bluetooth+23
0x04D9	0x340D ;?lstr_13_Cofre_Bluetooth+24
0x04DA	0x340A ;?lstr_13_Cofre_Bluetooth+25
0x04DB	0x3400 ;?lstr_13_Cofre_Bluetooth+26
; end of ?lstr_13_Cofre_Bluetooth
;Cofre_Bluetooth.c,0 :: ?lstr_11_Cofre_Bluetooth
0x04DC	0x3443 ;?lstr_11_Cofre_Bluetooth+0
0x04DD	0x346F ;?lstr_11_Cofre_Bluetooth+1
0x04DE	0x346E ;?lstr_11_Cofre_Bluetooth+2
0x04DF	0x3474 ;?lstr_11_Cofre_Bluetooth+3
0x04E0	0x3472 ;?lstr_11_Cofre_Bluetooth+4
0x04E1	0x3461 ;?lstr_11_Cofre_Bluetooth+5
0x04E2	0x3473 ;?lstr_11_Cofre_Bluetooth+6
0x04E3	0x3465 ;?lstr_11_Cofre_Bluetooth+7
0x04E4	0x346E ;?lstr_11_Cofre_Bluetooth+8
0x04E5	0x3469 ;?lstr_11_Cofre_Bluetooth+9
0x04E6	0x3461 ;?lstr_11_Cofre_Bluetooth+10
0x04E7	0x3420 ;?lstr_11_Cofre_Bluetooth+11
0x04E8	0x3469 ;?lstr_11_Cofre_Bluetooth+12
0x04E9	0x346E ;?lstr_11_Cofre_Bluetooth+13
0x04EA	0x3463 ;?lstr_11_Cofre_Bluetooth+14
0x04EB	0x346F ;?lstr_11_Cofre_Bluetooth+15
0x04EC	0x3472 ;?lstr_11_Cofre_Bluetooth+16
0x04ED	0x3472 ;?lstr_11_Cofre_Bluetooth+17
0x04EE	0x3465 ;?lstr_11_Cofre_Bluetooth+18
0x04EF	0x3463 ;?lstr_11_Cofre_Bluetooth+19
0x04F0	0x3474 ;?lstr_11_Cofre_Bluetooth+20
0x04F1	0x3461 ;?lstr_11_Cofre_Bluetooth+21
0x04F2	0x342E ;?lstr_11_Cofre_Bluetooth+22
0x04F3	0x340D ;?lstr_11_Cofre_Bluetooth+23
0x04F4	0x340A ;?lstr_11_Cofre_Bluetooth+24
0x04F5	0x3400 ;?lstr_11_Cofre_Bluetooth+25
; end of ?lstr_11_Cofre_Bluetooth
;Cofre_Bluetooth.c,0 :: ?lstr_14_Cofre_Bluetooth
0x04F6	0x3453 ;?lstr_14_Cofre_Bluetooth+0
0x04F7	0x3475 ;?lstr_14_Cofre_Bluetooth+1
0x04F8	0x3420 ;?lstr_14_Cofre_Bluetooth+2
0x04F9	0x346E ;?lstr_14_Cofre_Bluetooth+3
0x04FA	0x3475 ;?lstr_14_Cofre_Bluetooth+4
0x04FB	0x3465 ;?lstr_14_Cofre_Bluetooth+5
0x04FC	0x3476 ;?lstr_14_Cofre_Bluetooth+6
0x04FD	0x3461 ;?lstr_14_Cofre_Bluetooth+7
0x04FE	0x3420 ;?lstr_14_Cofre_Bluetooth+8
0x04FF	0x3463 ;?lstr_14_Cofre_Bluetooth+9
0x0500	0x346F ;?lstr_14_Cofre_Bluetooth+10
0x0501	0x346E ;?lstr_14_Cofre_Bluetooth+11
0x0502	0x3474 ;?lstr_14_Cofre_Bluetooth+12
0x0503	0x3472 ;?lstr_14_Cofre_Bluetooth+13
0x0504	0x3461 ;?lstr_14_Cofre_Bluetooth+14
0x0505	0x3473 ;?lstr_14_Cofre_Bluetooth+15
0x0506	0x3465 ;?lstr_14_Cofre_Bluetooth+16
0x0507	0x346E ;?lstr_14_Cofre_Bluetooth+17
0x0508	0x3469 ;?lstr_14_Cofre_Bluetooth+18
0x0509	0x3461 ;?lstr_14_Cofre_Bluetooth+19
0x050A	0x3420 ;?lstr_14_Cofre_Bluetooth+20
0x050B	0x3465 ;?lstr_14_Cofre_Bluetooth+21
0x050C	0x3473 ;?lstr_14_Cofre_Bluetooth+22
0x050D	0x343A ;?lstr_14_Cofre_Bluetooth+23
0x050E	0x3420 ;?lstr_14_Cofre_Bluetooth+24
0x050F	0x3400 ;?lstr_14_Cofre_Bluetooth+25
; end of ?lstr_14_Cofre_Bluetooth
;Cofre_Bluetooth.c,0 :: ?lstr_17_Cofre_Bluetooth
0x0510	0x3444 ;?lstr_17_Cofre_Bluetooth+0
0x0511	0x3465 ;?lstr_17_Cofre_Bluetooth+1
0x0512	0x3473 ;?lstr_17_Cofre_Bluetooth+2
0x0513	0x3465 ;?lstr_17_Cofre_Bluetooth+3
0x0514	0x3461 ;?lstr_17_Cofre_Bluetooth+4
0x0515	0x3420 ;?lstr_17_Cofre_Bluetooth+5
0x0516	0x346D ;?lstr_17_Cofre_Bluetooth+6
0x0517	0x346F ;?lstr_17_Cofre_Bluetooth+7
0x0518	0x3464 ;?lstr_17_Cofre_Bluetooth+8
0x0519	0x3469 ;?lstr_17_Cofre_Bluetooth+9
0x051A	0x3466 ;?lstr_17_Cofre_Bluetooth+10
0x051B	0x3469 ;?lstr_17_Cofre_Bluetooth+11
0x051C	0x3463 ;?lstr_17_Cofre_Bluetooth+12
0x051D	0x3461 ;?lstr_17_Cofre_Bluetooth+13
0x051E	0x3472 ;?lstr_17_Cofre_Bluetooth+14
0x051F	0x3420 ;?lstr_17_Cofre_Bluetooth+15
0x0520	0x346D ;?lstr_17_Cofre_Bluetooth+16
0x0521	0x346F ;?lstr_17_Cofre_Bluetooth+17
0x0522	0x346E ;?lstr_17_Cofre_Bluetooth+18
0x0523	0x3474 ;?lstr_17_Cofre_Bluetooth+19
0x0524	0x346F ;?lstr_17_Cofre_Bluetooth+20
0x0525	0x343F ;?lstr_17_Cofre_Bluetooth+21
0x0526	0x340D ;?lstr_17_Cofre_Bluetooth+22
0x0527	0x340A ;?lstr_17_Cofre_Bluetooth+23
0x0528	0x3400 ;?lstr_17_Cofre_Bluetooth+24
; end of ?lstr_17_Cofre_Bluetooth
;Cofre_Bluetooth.c,0 :: ?lstr_10_Cofre_Bluetooth
0x0529	0x3443 ;?lstr_10_Cofre_Bluetooth+0
0x052A	0x346F ;?lstr_10_Cofre_Bluetooth+1
0x052B	0x346E ;?lstr_10_Cofre_Bluetooth+2
0x052C	0x3474 ;?lstr_10_Cofre_Bluetooth+3
0x052D	0x3472 ;?lstr_10_Cofre_Bluetooth+4
0x052E	0x3461 ;?lstr_10_Cofre_Bluetooth+5
0x052F	0x3473 ;?lstr_10_Cofre_Bluetooth+6
0x0530	0x3465 ;?lstr_10_Cofre_Bluetooth+7
0x0531	0x346E ;?lstr_10_Cofre_Bluetooth+8
0x0532	0x3469 ;?lstr_10_Cofre_Bluetooth+9
0x0533	0x3461 ;?lstr_10_Cofre_Bluetooth+10
0x0534	0x3420 ;?lstr_10_Cofre_Bluetooth+11
0x0535	0x3463 ;?lstr_10_Cofre_Bluetooth+12
0x0536	0x346F ;?lstr_10_Cofre_Bluetooth+13
0x0537	0x3472 ;?lstr_10_Cofre_Bluetooth+14
0x0538	0x3472 ;?lstr_10_Cofre_Bluetooth+15
0x0539	0x3465 ;?lstr_10_Cofre_Bluetooth+16
0x053A	0x3463 ;?lstr_10_Cofre_Bluetooth+17
0x053B	0x3474 ;?lstr_10_Cofre_Bluetooth+18
0x053C	0x3461 ;?lstr_10_Cofre_Bluetooth+19
0x053D	0x342E ;?lstr_10_Cofre_Bluetooth+20
0x053E	0x340D ;?lstr_10_Cofre_Bluetooth+21
0x053F	0x340A ;?lstr_10_Cofre_Bluetooth+22
0x0540	0x3400 ;?lstr_10_Cofre_Bluetooth+23
; end of ?lstr_10_Cofre_Bluetooth
;Cofre_Bluetooth.c,0 :: ?lstr_8_Cofre_Bluetooth
0x0541	0x3449 ;?lstr_8_Cofre_Bluetooth+0
0x0542	0x346E ;?lstr_8_Cofre_Bluetooth+1
0x0543	0x3467 ;?lstr_8_Cofre_Bluetooth+2
0x0544	0x3472 ;?lstr_8_Cofre_Bluetooth+3
0x0545	0x3465 ;?lstr_8_Cofre_Bluetooth+4
0x0546	0x3473 ;?lstr_8_Cofre_Bluetooth+5
0x0547	0x3465 ;?lstr_8_Cofre_Bluetooth+6
0x0548	0x3420 ;?lstr_8_Cofre_Bluetooth+7
0x0549	0x3463 ;?lstr_8_Cofre_Bluetooth+8
0x054A	0x346F ;?lstr_8_Cofre_Bluetooth+9
0x054B	0x346E ;?lstr_8_Cofre_Bluetooth+10
0x054C	0x3474 ;?lstr_8_Cofre_Bluetooth+11
0x054D	0x3472 ;?lstr_8_Cofre_Bluetooth+12
0x054E	0x3461 ;?lstr_8_Cofre_Bluetooth+13
0x054F	0x3473 ;?lstr_8_Cofre_Bluetooth+14
0x0550	0x3465 ;?lstr_8_Cofre_Bluetooth+15
0x0551	0x346E ;?lstr_8_Cofre_Bluetooth+16
0x0552	0x3469 ;?lstr_8_Cofre_Bluetooth+17
0x0553	0x3461 ;?lstr_8_Cofre_Bluetooth+18
0x0554	0x343A ;?lstr_8_Cofre_Bluetooth+19
0x0555	0x340D ;?lstr_8_Cofre_Bluetooth+20
0x0556	0x340A ;?lstr_8_Cofre_Bluetooth+21
0x0557	0x3400 ;?lstr_8_Cofre_Bluetooth+22
; end of ?lstr_8_Cofre_Bluetooth
;Cofre_Bluetooth.c,0 :: ?lstr_19_Cofre_Bluetooth
0x0558	0x3449 ;?lstr_19_Cofre_Bluetooth+0
0x0559	0x346E ;?lstr_19_Cofre_Bluetooth+1
0x055A	0x3467 ;?lstr_19_Cofre_Bluetooth+2
0x055B	0x3472 ;?lstr_19_Cofre_Bluetooth+3
0x055C	0x3465 ;?lstr_19_Cofre_Bluetooth+4
0x055D	0x3473 ;?lstr_19_Cofre_Bluetooth+5
0x055E	0x3465 ;?lstr_19_Cofre_Bluetooth+6
0x055F	0x3420 ;?lstr_19_Cofre_Bluetooth+7
0x0560	0x346E ;?lstr_19_Cofre_Bluetooth+8
0x0561	0x3475 ;?lstr_19_Cofre_Bluetooth+9
0x0562	0x3465 ;?lstr_19_Cofre_Bluetooth+10
0x0563	0x3476 ;?lstr_19_Cofre_Bluetooth+11
0x0564	0x346F ;?lstr_19_Cofre_Bluetooth+12
0x0565	0x3420 ;?lstr_19_Cofre_Bluetooth+13
0x0566	0x346D ;?lstr_19_Cofre_Bluetooth+14
0x0567	0x346F ;?lstr_19_Cofre_Bluetooth+15
0x0568	0x346E ;?lstr_19_Cofre_Bluetooth+16
0x0569	0x3474 ;?lstr_19_Cofre_Bluetooth+17
0x056A	0x346F ;?lstr_19_Cofre_Bluetooth+18
0x056B	0x343A ;?lstr_19_Cofre_Bluetooth+19
0x056C	0x340D ;?lstr_19_Cofre_Bluetooth+20
0x056D	0x340A ;?lstr_19_Cofre_Bluetooth+21
0x056E	0x3400 ;?lstr_19_Cofre_Bluetooth+22
; end of ?lstr_19_Cofre_Bluetooth
;Cofre_Bluetooth.c,0 :: ?lstr_21_Cofre_Bluetooth
0x056F	0x3444 ;?lstr_21_Cofre_Bluetooth+0
0x0570	0x3469 ;?lstr_21_Cofre_Bluetooth+1
0x0571	0x346E ;?lstr_21_Cofre_Bluetooth+2
0x0572	0x3465 ;?lstr_21_Cofre_Bluetooth+3
0x0573	0x3472 ;?lstr_21_Cofre_Bluetooth+4
0x0574	0x346F ;?lstr_21_Cofre_Bluetooth+5
0x0575	0x3420 ;?lstr_21_Cofre_Bluetooth+6
0x0576	0x3461 ;?lstr_21_Cofre_Bluetooth+7
0x0577	0x3463 ;?lstr_21_Cofre_Bluetooth+8
0x0578	0x3474 ;?lstr_21_Cofre_Bluetooth+9
0x0579	0x3475 ;?lstr_21_Cofre_Bluetooth+10
0x057A	0x3461 ;?lstr_21_Cofre_Bluetooth+11
0x057B	0x346C ;?lstr_21_Cofre_Bluetooth+12
0x057C	0x3469 ;?lstr_21_Cofre_Bluetooth+13
0x057D	0x347A ;?lstr_21_Cofre_Bluetooth+14
0x057E	0x3461 ;?lstr_21_Cofre_Bluetooth+15
0x057F	0x3464 ;?lstr_21_Cofre_Bluetooth+16
0x0580	0x346F ;?lstr_21_Cofre_Bluetooth+17
0x0581	0x342E ;?lstr_21_Cofre_Bluetooth+18
0x0582	0x340D ;?lstr_21_Cofre_Bluetooth+19
0x0583	0x340A ;?lstr_21_Cofre_Bluetooth+20
0x0584	0x3400 ;?lstr_21_Cofre_Bluetooth+21
; end of ?lstr_21_Cofre_Bluetooth
;Cofre_Bluetooth.c,0 :: ?lstr_12_Cofre_Bluetooth
0x0585	0x344E ;?lstr_12_Cofre_Bluetooth+0
0x0586	0x3475 ;?lstr_12_Cofre_Bluetooth+1
0x0587	0x3465 ;?lstr_12_Cofre_Bluetooth+2
0x0588	0x3476 ;?lstr_12_Cofre_Bluetooth+3
0x0589	0x3461 ;?lstr_12_Cofre_Bluetooth+4
0x058A	0x3420 ;?lstr_12_Cofre_Bluetooth+5
0x058B	0x3463 ;?lstr_12_Cofre_Bluetooth+6
0x058C	0x346F ;?lstr_12_Cofre_Bluetooth+7
0x058D	0x346E ;?lstr_12_Cofre_Bluetooth+8
0x058E	0x3474 ;?lstr_12_Cofre_Bluetooth+9
0x058F	0x3472 ;?lstr_12_Cofre_Bluetooth+10
0x0590	0x3461 ;?lstr_12_Cofre_Bluetooth+11
0x0591	0x3473 ;?lstr_12_Cofre_Bluetooth+12
0x0592	0x3465 ;?lstr_12_Cofre_Bluetooth+13
0x0593	0x346E ;?lstr_12_Cofre_Bluetooth+14
0x0594	0x3469 ;?lstr_12_Cofre_Bluetooth+15
0x0595	0x3461 ;?lstr_12_Cofre_Bluetooth+16
0x0596	0x343A ;?lstr_12_Cofre_Bluetooth+17
0x0597	0x340D ;?lstr_12_Cofre_Bluetooth+18
0x0598	0x340A ;?lstr_12_Cofre_Bluetooth+19
0x0599	0x3400 ;?lstr_12_Cofre_Bluetooth+20
; end of ?lstr_12_Cofre_Bluetooth
;Cofre_Bluetooth.c,0 :: ?lstr_16_Cofre_Bluetooth
0x059A	0x3444 ;?lstr_16_Cofre_Bluetooth+0
0x059B	0x3469 ;?lstr_16_Cofre_Bluetooth+1
0x059C	0x346E ;?lstr_16_Cofre_Bluetooth+2
0x059D	0x3465 ;?lstr_16_Cofre_Bluetooth+3
0x059E	0x3472 ;?lstr_16_Cofre_Bluetooth+4
0x059F	0x346F ;?lstr_16_Cofre_Bluetooth+5
0x05A0	0x3420 ;?lstr_16_Cofre_Bluetooth+6
0x05A1	0x3461 ;?lstr_16_Cofre_Bluetooth+7
0x05A2	0x3463 ;?lstr_16_Cofre_Bluetooth+8
0x05A3	0x3474 ;?lstr_16_Cofre_Bluetooth+9
0x05A4	0x3475 ;?lstr_16_Cofre_Bluetooth+10
0x05A5	0x3461 ;?lstr_16_Cofre_Bluetooth+11
0x05A6	0x346C ;?lstr_16_Cofre_Bluetooth+12
0x05A7	0x343A ;?lstr_16_Cofre_Bluetooth+13
0x05A8	0x3420 ;?lstr_16_Cofre_Bluetooth+14
0x05A9	0x3424 ;?lstr_16_Cofre_Bluetooth+15
0x05AA	0x3400 ;?lstr_16_Cofre_Bluetooth+16
; end of ?lstr_16_Cofre_Bluetooth
;Cofre_Bluetooth.c,0 :: ?lstr_7_Cofre_Bluetooth
0x05AB	0x3453 ;?lstr_7_Cofre_Bluetooth+0
0x05AC	0x3461 ;?lstr_7_Cofre_Bluetooth+1
0x05AD	0x346C ;?lstr_7_Cofre_Bluetooth+2
0x05AE	0x3469 ;?lstr_7_Cofre_Bluetooth+3
0x05AF	0x3465 ;?lstr_7_Cofre_Bluetooth+4
0x05B0	0x346E ;?lstr_7_Cofre_Bluetooth+5
0x05B1	0x3464 ;?lstr_7_Cofre_Bluetooth+6
0x05B2	0x346F ;?lstr_7_Cofre_Bluetooth+7
0x05B3	0x342E ;?lstr_7_Cofre_Bluetooth+8
0x05B4	0x342E ;?lstr_7_Cofre_Bluetooth+9
0x05B5	0x342E ;?lstr_7_Cofre_Bluetooth+10
0x05B6	0x340D ;?lstr_7_Cofre_Bluetooth+11
0x05B7	0x340D ;?lstr_7_Cofre_Bluetooth+12
0x05B8	0x340A ;?lstr_7_Cofre_Bluetooth+13
0x05B9	0x3400 ;?lstr_7_Cofre_Bluetooth+14
; end of ?lstr_7_Cofre_Bluetooth
;Cofre_Bluetooth.c,0 :: ?lstr_1_Cofre_Bluetooth
0x05BA	0x3441 ;?lstr_1_Cofre_Bluetooth+0
0x05BB	0x3462 ;?lstr_1_Cofre_Bluetooth+1
0x05BC	0x3472 ;?lstr_1_Cofre_Bluetooth+2
0x05BD	0x3469 ;?lstr_1_Cofre_Bluetooth+3
0x05BE	0x3465 ;?lstr_1_Cofre_Bluetooth+4
0x05BF	0x346E ;?lstr_1_Cofre_Bluetooth+5
0x05C0	0x3464 ;?lstr_1_Cofre_Bluetooth+6
0x05C1	0x346F ;?lstr_1_Cofre_Bluetooth+7
0x05C2	0x342E ;?lstr_1_Cofre_Bluetooth+8
0x05C3	0x342E ;?lstr_1_Cofre_Bluetooth+9
0x05C4	0x342E ;?lstr_1_Cofre_Bluetooth+10
0x05C5	0x340D ;?lstr_1_Cofre_Bluetooth+11
0x05C6	0x340D ;?lstr_1_Cofre_Bluetooth+12
0x05C7	0x340A ;?lstr_1_Cofre_Bluetooth+13
0x05C8	0x3400 ;?lstr_1_Cofre_Bluetooth+14
; end of ?lstr_1_Cofre_Bluetooth
;Cofre_Bluetooth.c,0 :: ?lstr_22_Cofre_Bluetooth
0x05C9	0x344F ;?lstr_22_Cofre_Bluetooth+0
0x05CA	0x346B ;?lstr_22_Cofre_Bluetooth+1
0x05CB	0x342E ;?lstr_22_Cofre_Bluetooth+2
0x05CC	0x340D ;?lstr_22_Cofre_Bluetooth+3
0x05CD	0x340A ;?lstr_22_Cofre_Bluetooth+4
0x05CE	0x3400 ;?lstr_22_Cofre_Bluetooth+5
; end of ?lstr_22_Cofre_Bluetooth
Symbol List:
//** Routines locations **
//ADDRESS    SIZE    PROCEDURE
//----------------------------------------------
0x0003       [7]    _____DoICP
0x000A      [11]    _UART1_Read
0x0015       [7]    _UART1_Data_Ready
0x001C      [11]    _UART1_Write
0x0027      [79]    _UART1_Read_Text
0x0076      [18]    _read_EEPROM
0x0088      [22]    _strlen
0x009E      [23]    _UART1_Write_Text
0x00B5      [30]    _write_EEPROM
0x00D3      [50]    _UART2_Write_Text
0x0105      [43]    _strncmp
0x0130     [231]    _chekDinero
0x0217      [81]    _chekPsw
0x0268     [144]    _cambiarPsw
0x02F8     [110]    _chekDefault
0x0366      [12]    ___CC2DW
0x0372      [15]    _UART1_Init
0x0381     [157]    _main
//** Variables locations ** 
//ADDRESS    SIZE    VARIABLE
//----------------------------------------------
0x0000       [1]    INDF
0x0002       [1]    PCL
0x0003       [1]    STATUS
0x0004       [1]    FSR
0x0005       [1]    PORTA
0x000A       [1]    PCLATH
0x000B       [1]    INTCON
0x000C       [1]    PIR1
0x0012       [1]    SPBRGH
0x0013       [1]    SPBRG
0x0014       [1]    RCREG
0x0015       [1]    TXREG
0x0016       [1]    TXSTA
0x0017       [1]    RCSTA
0x0019       [1]    CMCON0
0x0020       [2]    ?lstr20_Cofre_Bluetooth
0x0022       [7]    ?lstr5_Cofre_Bluetooth
0x0029       [8]    ?lstr6_Cofre_Bluetooth
0x0031       [5]    _pswAcceso
0x0036      [14]    ?lstr9_Cofre_Bluetooth
0x0044       [3]    ?lstr18_Cofre_Bluetooth
0x0047       [2]    ___DoICPAddr
0x0049       [8]    main_enterUser_L1
0x0051       [1]    main_dato_L1
0x0052       [1]    main_i_L1
0x0053       [1]    chekDinero_i_L0
0x0053       [1]    chekDefault_i_L0
0x0053      [10]    chekPsw_enterUser_L0
0x0053       [1]    cambiarPsw_i_L0
0x0054       [1]    FLOC__chekDefault
0x0054       [1]    chekDinero_j_L0
0x0054       [1]    cambiarPsw_dato_L0
0x0055       [5]    cambiarPsw_enterUser_L0
0x0055       [1]    chekDinero_dato_L0
0x0056      [10]    chekDinero_dinero_L0
0x005A       [1]    FLOC__cambiarPsw
0x005D       [1]    chekPsw_dato_L0
0x005E       [1]    chekPsw_i_L0
0x0060      [10]    chekDinero_enterUser_L0
0x006A       [1]    FLOC__chekDinero
0x006B       [1]    FARG_UART1_Read_Text_Output
0x006B       [1]    FARG_read_EEPROM_addrH
0x006B       [2]    FARG_UART2_Write_Text_text
0x006B       [1]    FARG_write_EEPROM_datoH
0x006B       [1]    FARG_strncmp_s1
0x006B       [1]    FARG_UART1_Write_Text_uart_text
0x006B       [1]    FARG_strlen_s
0x006C       [1]    FARG_write_EEPROM_datoL
0x006C       [1]    FARG_UART1_Read_Text_Delimiter
0x006C       [1]    FARG_strncmp_s2
0x006C       [1]    UART1_Write_Text_data__L0
0x006C       [1]    FARG_read_EEPROM_addrL
0x006D       [1]    UART1_Write_Text_counter_L0
0x006D       [1]    FARG_write_EEPROM_addrH
0x006D       [1]    FARG_strncmp_len
0x006D       [1]    FARG_UART1_Read_Text_Attempts
0x006D       [1]    UART2_Write_Text_i_L0
0x006E       [1]    UART1_Read_Text_r_data_L0
0x006E       [1]    FARG_write_EEPROM_addrL
0x006E       [1]    UART2_Write_Text_tam_L0
0x006F       [1]    UART1_Read_Text_out_idx_L0
0x0070       [1]    R0
0x0071       [1]    R1
0x0072       [1]    R2
0x0073       [1]    R3
0x0074       [1]    R4
0x0075       [1]    R5
0x0076       [1]    R6
0x0077       [1]    R7
0x0078       [1]    R8
0x0079       [1]    R9
0x007A       [1]    R10
0x007B       [1]    R11
0x007C       [1]    R12
0x007D       [1]    R13
0x007E       [1]    R14
0x007F       [1]    R15
0x0085       [1]    TRISA
0x0087       [0]    TRISC5_bit
0x0087       [0]    TRISC4_bit
0x0091       [1]    ANSEL
0x0097       [1]    EEDATH
0x0098       [1]    EEADRH
0x009A       [1]    EEDAT
0x009A       [1]    EEDATA
0x009B       [1]    EEADR
0x009C       [1]    EECON1
0x009D       [1]    EECON2
0x00A0       [1]    UART1_Read_Text_delim_idx_L0
0x00A1       [1]    FARG_UART1_Write_data_
//** Constants locations ** 
//ADDRESS    SIZE    CONSTANT
//----------------------------------------------
0x0424       [2]    ?ICS?lstr20_Cofre_Bluetooth
0x0426       [7]    ?ICS?lstr5_Cofre_Bluetooth
0x042D       [8]    ?ICS?lstr6_Cofre_Bluetooth
0x0435       [5]    ?ICS_pswAcceso
0x043A      [14]    ?ICS?lstr9_Cofre_Bluetooth
0x0448       [3]    ?ICS?lstr18_Cofre_Bluetooth
0x044B      [32]    ?lstr_2_Cofre_Bluetooth
0x046B      [30]    ?lstr_15_Cofre_Bluetooth
0x0489      [29]    ?lstr_4_Cofre_Bluetooth
0x04A6      [27]    ?lstr_3_Cofre_Bluetooth
0x04C1      [27]    ?lstr_13_Cofre_Bluetooth
0x04DC      [26]    ?lstr_11_Cofre_Bluetooth
0x04F6      [26]    ?lstr_14_Cofre_Bluetooth
0x0510      [25]    ?lstr_17_Cofre_Bluetooth
0x0529      [24]    ?lstr_10_Cofre_Bluetooth
0x0541      [23]    ?lstr_8_Cofre_Bluetooth
0x0558      [23]    ?lstr_19_Cofre_Bluetooth
0x056F      [22]    ?lstr_21_Cofre_Bluetooth
0x0585      [21]    ?lstr_12_Cofre_Bluetooth
0x059A      [17]    ?lstr_16_Cofre_Bluetooth
0x05AB      [15]    ?lstr_7_Cofre_Bluetooth
0x05BA      [15]    ?lstr_1_Cofre_Bluetooth
0x05C9       [6]    ?lstr_22_Cofre_Bluetooth
