0	1	mikroCPIC1618.exe -MSF -DBG -pP16F688 -DL -O11111114 -fo4 -N"D:\Jorge\Codigos en Mikro C\Cofre_Bluetooth\Cofre_Bluetooth.mcppi" -SP"D:\MikroC Installed\mikroC PRO for PIC\Defs\" -SP"D:\MikroC Installed\mikroC PRO for PIC\Uses\P16\" -SP"D:\Jorge\Codigos en Mikro C\Cofre_Bluetooth\" -IP"D:\MikroC Installed\mikroC PRO for PIC\Uses\P16\" "Cofre_Bluetooth.c" "__Lib_Math.mcl" "__Lib_MathDouble.mcl" "__Lib_System.mcl" "__Lib_Delays.mcl" "__Lib_CString.mcl" "__Lib_Conversions.mcl" "__Lib_UART_c45.mcl"	 
hint: 0	1139	Available RAM: 240 [bytes], Available ROM: 4096 [bytes]	 
diagnostics: 0	122	Compilation Started	Cofre_Bluetooth.c
warning: 29	1509	Generated baud rate is 9615 bps (error = 0.16 percent)	Cofre_Bluetooth.c
warning: 41	1505	Suspicious pointer conversion	Cofre_Bluetooth.c
warning: 45	1505	Suspicious pointer conversion	Cofre_Bluetooth.c
warning: 46	1505	Suspicious pointer conversion	Cofre_Bluetooth.c
warning: 47	1505	Suspicious pointer conversion	Cofre_Bluetooth.c
warning: 67	1505	Suspicious pointer conversion	Cofre_Bluetooth.c
warning: 80	1505	Suspicious pointer conversion	Cofre_Bluetooth.c
warning: 97	1505	Suspicious pointer conversion	Cofre_Bluetooth.c
warning: 101	1505	Suspicious pointer conversion	Cofre_Bluetooth.c
warning: 113	1505	Suspicious pointer conversion	Cofre_Bluetooth.c
warning: 133	1505	Suspicious pointer conversion	Cofre_Bluetooth.c
warning: 134	1505	Suspicious pointer conversion	Cofre_Bluetooth.c
warning: 141	1505	Suspicious pointer conversion	Cofre_Bluetooth.c
warning: 158	1505	Suspicious pointer conversion	Cofre_Bluetooth.c
warning: 169	1505	Suspicious pointer conversion	Cofre_Bluetooth.c
warning: 186	1505	Suspicious pointer conversion	Cofre_Bluetooth.c
warning: 196	1505	Suspicious pointer conversion	Cofre_Bluetooth.c
warning: 200	1505	Suspicious pointer conversion	Cofre_Bluetooth.c
diagnostics: 287	123	Compiled Successfully	Cofre_Bluetooth.c
hint: 78	1164	Variable 'n_dato' has been eliminated by optimizer	Cofre_Bluetooth.c
diagnostics: 0	127	All files Compiled in 109 ms	 
hint: 0	1144	Used RAM (bytes): 82 (34%)  Free RAM (bytes): 158 (66%)	Used RAM (bytes): 82 (34%)  Free RAM (bytes): 158 (66%)
hint: 0	1144	Used ROM (program words): 1492 (36%)  Free ROM (program words): 2604 (64%)	Used ROM (program words): 1492 (36%)  Free ROM (program words): 2604 (64%)
diagnostics: 0	125	Project Linked Successfully	Cofre_Bluetooth.mcppi
diagnostics: 0	128	Linked in 31 ms	 
diagnostics: 0	129	Project 'Cofre_Bluetooth.mcppi' completed: 171 ms	 
diagnostics: 0	103	Finished successfully: 27 may. 2021, 18:34:46	Cofre_Bluetooth.mcppi
